08:12:26 **** Incremental Build of configuration Debug for project 003Example_2 ****
make -j8 all 
arm-none-eabi-gcc "../Core/Src/main.c" -mcpu=cortex-m4 -std=gnu11 -g3 -DDEBUG -DUSE_HAL_DRIVER -DSTM32F407xx -c -I../Core/Inc -I../Drivers/STM32F4xx_HAL_Driver/Inc -I../Drivers/STM32F4xx_HAL_Driver/Inc/Legacy -I../Drivers/CMSIS/Device/ST/STM32F4xx/Include -I../Drivers/CMSIS/Include -I../Middlewares/Third_Party/FreeRTOS/Source/include -I../Middlewares/Third_Party/FreeRTOS/Source/CMSIS_RTOS -I../Middlewares/Third_Party/FreeRTOS/Source/portable/GCC/ARM_CM4F -O0 -ffunction-sections -fdata-sections -Wall -fstack-usage -fcyclomatic-complexity -MMD -MP -MF"Core/Src/main.d" -MT"Core/Src/main.o" --specs=nano.specs -mfpu=fpv4-sp-d16 -mfloat-abi=hard -mthumb -o "Core/Src/main.o"
arm-none-eabi-gcc -o "003Example_2.elf" @"objects.list"   -mcpu=cortex-m4 -T"D:\freertos\rtos_workspace\003Example_2\STM32F407VGTX_FLASH.ld" --specs=nosys.specs -Wl,-Map="003Example_2.map" -Wl,--gc-sections -static --specs=nano.specs -mfpu=fpv4-sp-d16 -mfloat-abi=hard -mthumb -Wl,--start-group -lc -lm -Wl,--end-group
Finished building target: 003Example_2.elf
 
arm-none-eabi-size  003Example_2.elf 
arm-none-eabi-objdump -h -S 003Example_2.elf  > "003Example_2.list"
   text	   data	    bss	    dec	    hex	filename
  21632	     16	  18024	  39672	   9af8	003Example_2.elf
Finished building: default.size.stdout
 
Finished building: 003Example_2.list
 
08:12:41 **** Incremental Build of configuration Debug for project 003Example_2 ****
make -j8 all 
arm-none-eabi-size  003Example_2.elf 
   text	   data	    bss	    dec	    hex	filename
  21632	     16	  18024	  39672	   9af8	003Example_2.elf
Finished building: default.size.stdout
 
08:13:44 **** Incremental Build of configuration Debug for project 003Example_2 ****
make -j8 all 
arm-none-eabi-size  003Example_2.elf 
   text	   data	    bss	    dec	    hex	filename
  21632	     16	  18024	  39672	   9af8	003Example_2.elf
Finished building: default.size.stdout
 
