2024-09-12 09:10:11,506 [INFO] Activator:176 - 


2024-09-12 09:10:11,514 [INFO] Activator:177 - !SESSION log4j initialized
2024-09-12 09:10:59,015 [INFO] LogOutputStream:77 - [STDOUT_REDIRECT] 
2024-09-12 09:11:04,293 [INFO] ApplicationProperties:184 - Using Application install path: C:\ST\STM32CubeIDE_1.16.0\STM32CubeIDE\plugins\com.st.stm32cube.common.mx_6.12.0.202406281431
2024-09-12 09:11:04,310 [INFO] DbMcusXml:78 - Set database path to: C:\ST\STM32CubeIDE_1.16.0\STM32CubeIDE\plugins\com.st.stm32cube.common.mx_6.12.0.202406281431\\db\/mcu/
2024-09-12 09:11:04,311 [INFO] ApiDb:274 - Set plugin database path to: C:\ST\STM32CubeIDE_1.16.0\STM32CubeIDE\plugins\com.st.stm32cube.common.mx_6.12.0.202406281431\\db\/plugins/boardmanager/
2024-09-12 09:11:04,312 [WARN] ApiDb:259 - Overriding images path with different value:  => C:\ST\STM32CubeIDE_1.16.0\STM32CubeIDE\plugins\com.st.stm32cube.common.mx_6.12.0.202406281431\\db\/plugins/mcufinder/images/
2024-09-12 09:11:04,338 [INFO] ApiDb:250 - Set database path to: C:\Users\OS\.stmcufinder\plugins\mcufinder//mcu/
2024-09-12 09:11:04,342 [INFO] DbMcusAds:125 - Set database path to: C:\Users\OS\.stmcufinder\plugins\mcufinder//mcu/
2024-09-12 09:11:04,347 [INFO] CrossReferenceDbSqlite:203 - Set database path to: C:\Users\OS\.stmcufinder\plugins\mcufinder//mcu/cs/
2024-09-12 09:11:04,536 [INFO] RulesReader:64 - Compatibility file has been processed (297 Rules)
2024-09-12 09:11:04,656 [INFO] DbMcusXml:78 - Set database path to: C:\ST\STM32CubeIDE_1.16.0\STM32CubeIDE\plugins\com.st.stm32cube.common.mx_6.12.0.202406281431\\db\/mcu/
2024-09-12 09:11:04,656 [INFO] ApiDb:274 - Set plugin database path to: C:\ST\STM32CubeIDE_1.16.0\STM32CubeIDE\plugins\com.st.stm32cube.common.mx_6.12.0.202406281431\\db\/plugins/boardmanager/
2024-09-12 09:11:04,657 [INFO] ApiDb:261 - Set plugin images path to: C:\ST\STM32CubeIDE_1.16.0\STM32CubeIDE\plugins\com.st.stm32cube.common.mx_6.12.0.202406281431\\db\/plugins/mcufinder/images/
2024-09-12 09:11:04,657 [WARN] DbFile:41 - Overriding database path with different value: C:\Users\OS\.stmcufinder\plugins\mcufinder/ => C:\Users\OS\.stmcufinder\plugins\mcufinder
2024-09-12 09:11:04,657 [INFO] ApiDb:250 - Set database path to: C:\Users\OS\.stmcufinder\plugins\mcufinder//mcu/
2024-09-12 09:11:04,657 [WARN] DbFile:41 - Overriding database path with different value: C:\Users\OS\.stmcufinder\plugins\mcufinder/ => C:\Users\OS\.stmcufinder\plugins\mcufinder
2024-09-12 09:11:04,658 [INFO] DbMcusAds:125 - Set database path to: C:\Users\OS\.stmcufinder\plugins\mcufinder//mcu/
2024-09-12 09:11:04,658 [WARN] DbFile:41 - Overriding database path with different value: C:\Users\OS\.stmcufinder\plugins\mcufinder/ => C:\Users\OS\.stmcufinder\plugins\mcufinder
2024-09-12 09:11:04,658 [WARN] DbFile:41 - Overriding database path with different value: C:\Users\OS\.stmcufinder\plugins\mcufinder/ => C:\Users\OS\.stmcufinder\plugins\mcufinder
2024-09-12 09:11:04,658 [INFO] CrossReferenceDbSqlite:203 - Set database path to: C:\Users\OS\.stmcufinder\plugins\mcufinder//mcu/cs/
2024-09-12 09:11:04,806 [INFO] MainPanel:268 - HeapMemory: 268435456
2024-09-12 09:11:04,986 [INFO] DbMcusXml:78 - Set database path to: C:\ST\STM32CubeIDE_1.16.0\STM32CubeIDE\plugins\com.st.stm32cube.common.mx_6.12.0.202406281431\\db\/mcu/
2024-09-12 09:11:04,987 [INFO] ApiDb:274 - Set plugin database path to: C:\ST\STM32CubeIDE_1.16.0\STM32CubeIDE\plugins\com.st.stm32cube.common.mx_6.12.0.202406281431\\db\/plugins/boardmanager/
2024-09-12 09:11:04,987 [INFO] ApiDb:261 - Set plugin images path to: C:\ST\STM32CubeIDE_1.16.0\STM32CubeIDE\plugins\com.st.stm32cube.common.mx_6.12.0.202406281431\\db\/plugins/mcufinder/images/
2024-09-12 09:11:04,987 [WARN] DbFile:41 - Overriding database path with different value: C:\Users\OS\.stmcufinder\plugins\mcufinder/ => C:\Users\OS\.stmcufinder\plugins\mcufinder
2024-09-12 09:11:04,988 [INFO] ApiDb:250 - Set database path to: C:\Users\OS\.stmcufinder\plugins\mcufinder//mcu/
2024-09-12 09:11:04,988 [WARN] DbFile:41 - Overriding database path with different value: C:\Users\OS\.stmcufinder\plugins\mcufinder/ => C:\Users\OS\.stmcufinder\plugins\mcufinder
2024-09-12 09:11:04,988 [INFO] DbMcusAds:125 - Set database path to: C:\Users\OS\.stmcufinder\plugins\mcufinder//mcu/
2024-09-12 09:11:04,988 [WARN] DbFile:41 - Overriding database path with different value: C:\Users\OS\.stmcufinder\plugins\mcufinder/ => C:\Users\OS\.stmcufinder\plugins\mcufinder
2024-09-12 09:11:04,988 [WARN] DbFile:41 - Overriding database path with different value: C:\Users\OS\.stmcufinder\plugins\mcufinder/ => C:\Users\OS\.stmcufinder\plugins\mcufinder
2024-09-12 09:11:04,988 [INFO] CrossReferenceDbSqlite:203 - Set database path to: C:\Users\OS\.stmcufinder\plugins\mcufinder//mcu/cs/
2024-09-12 09:11:05,028 [INFO] ApplicationProperties:184 - Using Application install path: C:\ST\STM32CubeIDE_1.16.0\STM32CubeIDE\plugins\com.st.stm32cube.common.mx_6.12.0.202406281431
2024-09-12 09:11:05,030 [INFO] PluginManage:196 - Search for loadable plugins [exclusion list=, ]
2024-09-12 09:11:05,033 [INFO] PluginManage:310 - Check plugin analytics
2024-09-12 09:11:05,257 [INFO] AnalyticsPlugin:253 - Accepted Software Licenses: STM32CubeMX.6.10.0
2024-09-12 09:11:05,258 [INFO] AnalyticsPlugin:255 - Accepted CMSIS Pack Licenses: 
2024-09-12 09:11:05,258 [INFO] AnalyticsPlugin:257 - Accepted Firmware Licenses: FW.F4.1.28.0
2024-09-12 09:11:05,260 [INFO] PluginManage:359 - Loaded plugin analytics (category:tool,tabindex:-1)
2024-09-12 09:11:05,261 [INFO] PluginManage:310 - Check plugin cadmodel
2024-09-12 09:11:05,280 [INFO] CADModel:105 - Init CAD model plugin
2024-09-12 09:11:05,281 [INFO] PluginManage:359 - Loaded plugin cadmodel (category:power,tabindex:5)
2024-09-12 09:11:05,281 [INFO] PluginManage:310 - Check plugin clock
2024-09-12 09:11:05,307 [INFO] PluginManage:359 - Loaded plugin clock (category:base,tabindex:2)
2024-09-12 09:11:05,307 [INFO] PluginManage:310 - Check plugin ddr
2024-09-12 09:11:05,310 [INFO] PluginManage:359 - Loaded plugin ddr (category:tool,tabindex:6)
2024-09-12 09:11:05,310 [INFO] PluginManage:310 - Check plugin filemanager
2024-09-12 09:11:05,463 [INFO] PluginManage:359 - Loaded plugin filemanager (category:base,tabindex:10)
2024-09-12 09:11:05,464 [INFO] PluginManage:310 - Check plugin ipmanager
2024-09-12 09:11:05,471 [INFO] PluginManage:359 - Loaded plugin ipmanager (category:base,tabindex:5)
2024-09-12 09:11:05,471 [INFO] PluginManage:310 - Check plugin lpbam
2024-09-12 09:11:05,488 [INFO] PluginManage:359 - Loaded plugin lpbam (category:base,tabindex:0)
2024-09-12 09:11:05,488 [INFO] PluginManage:310 - Check plugin memorymap
2024-09-12 09:11:05,509 [INFO] PluginManage:359 - Loaded plugin memorymap (category:base,tabindex:4)
2024-09-12 09:11:05,509 [INFO] PluginManage:310 - Check plugin pinoutandconfiguration
2024-09-12 09:11:05,525 [INFO] PluginManage:359 - Loaded plugin pinoutandconfiguration (category:base,tabindex:1)
2024-09-12 09:11:05,525 [INFO] PluginManage:310 - Check plugin pinoutconfig
2024-09-12 09:11:05,706 [WARN] SupportedApi:132 - Cannot load RTOS API schema: s4s-elt-must-match.1: The content of 'definitions' must match (annotation?, (simpleType | complexType)?, (unique | key | keyref)*)). A problem was found starting at: attribute.
2024-09-12 09:11:05,841 [INFO] PluginManage:359 - Loaded plugin pinoutconfig (category:base,tabindex:0)
2024-09-12 09:11:05,842 [INFO] PluginManage:310 - Check plugin power
2024-09-12 09:11:05,863 [INFO] PluginManage:359 - Loaded plugin power (category:power,tabindex:4)
2024-09-12 09:11:05,863 [INFO] PluginManage:310 - Check plugin projectmanager
2024-09-12 09:11:05,881 [INFO] PluginManage:359 - Loaded plugin projectmanager (category:projectmanager,tabindex:4)
2024-09-12 09:11:05,882 [INFO] PluginManage:310 - Check plugin rif
2024-09-12 09:11:05,898 [INFO] PluginManage:359 - Loaded plugin rif (category:base,tabindex:3)
2024-09-12 09:11:05,898 [INFO] PluginManage:310 - Check plugin thirdparty
2024-09-12 09:11:06,217 [INFO] PluginManage:359 - Loaded plugin thirdparty (category:base,tabindex:-1)
2024-09-12 09:11:06,217 [WARN] IntegrityCheckThread:84 - waiting for thirdparty lock release [integrity check]
2024-09-12 09:11:06,217 [INFO] PluginManage:310 - Check plugin tools
2024-09-12 09:11:06,217 [INFO] IntegrityCheckThread:86 - entering critical section [integrity check]
2024-09-12 09:11:06,218 [INFO] ThirdPartyUpdaterWithRetryManager:70 - Updater plugin not ready yet. [1/15]
2024-09-12 09:11:06,253 [INFO] PluginManage:359 - Loaded plugin tools (category:base,tabindex:7)
2024-09-12 09:11:06,254 [INFO] PluginManage:310 - Check plugin tutovideos
2024-09-12 09:11:06,451 [INFO] PluginManage:359 - Loaded plugin tutovideos (category:base,tabindex:-1)
2024-09-12 09:11:06,452 [INFO] PluginManage:310 - Check plugin updater
2024-09-12 09:11:06,468 [INFO] PluginManage:359 - Loaded plugin updater (category:base,tabindex:12)
2024-09-12 09:11:06,468 [INFO] PluginManage:310 - Check plugin userauth
2024-09-12 09:11:06,475 [INFO] UserAuth:113 - Init User Auth plugin
2024-09-12 09:11:06,475 [INFO] PluginManage:359 - Loaded plugin userauth (category:base,tabindex:14)
2024-09-12 09:11:06,475 [INFO] PluginManage:283 - PluginManage : Loaded plugins [18]
2024-09-12 09:11:06,689 [INFO] PinOutPanel:1561 - setPackage(No Configuration,No Configuration)
2024-09-12 09:11:06,778 [INFO] CADModel:165 - CPN selected for project level
2024-09-12 09:11:06,779 [INFO] CADModel:114 - Register for checkConnection events
2024-09-12 09:11:06,802 [INFO] IPUIPlugin:80 - create IPUIPlugin
2024-09-12 09:11:06,802 [INFO] PluginManager:220 - loadIPPluginJar : add adc
2024-09-12 09:11:06,839 [INFO] IPUIPlugin:80 - create IPUIPlugin
2024-09-12 09:11:06,839 [INFO] PluginManager:220 - loadIPPluginJar : add aes
2024-09-12 09:11:06,882 [INFO] IPUIPlugin:80 - create IPUIPlugin
2024-09-12 09:11:06,882 [INFO] PluginManager:220 - loadIPPluginJar : add can
2024-09-12 09:11:06,907 [INFO] IPUIPlugin:80 - create IPUIPlugin
2024-09-12 09:11:06,907 [INFO] PluginManager:220 - loadIPPluginJar : add comp
2024-09-12 09:11:06,946 [INFO] IPUIPlugin:80 - create IPUIPlugin
2024-09-12 09:11:06,946 [INFO] PluginManager:220 - loadIPPluginJar : add cryp
2024-09-12 09:11:06,960 [INFO] IPUIPlugin:80 - create IPUIPlugin
2024-09-12 09:11:06,960 [INFO] PluginManager:220 - loadIPPluginJar : add ddr_ctrl_phy
2024-09-12 09:11:06,996 [INFO] IPUIPlugin:80 - create IPUIPlugin
2024-09-12 09:11:06,996 [INFO] PluginManager:220 - loadIPPluginJar : add dfsdm
2024-09-12 09:11:07,010 [INFO] IPUIPlugin:80 - create IPUIPlugin
2024-09-12 09:11:07,011 [INFO] PluginManager:220 - loadIPPluginJar : add dma
2024-09-12 09:11:07,058 [INFO] IPUIPlugin:80 - create IPUIPlugin
2024-09-12 09:11:07,058 [INFO] PluginManager:220 - loadIPPluginJar : add dma3
2024-09-12 09:11:07,108 [INFO] IPUIPlugin:80 - create IPUIPlugin
2024-09-12 09:11:07,108 [INFO] PluginManager:220 - loadIPPluginJar : add extmemmanager
2024-09-12 09:11:07,128 [INFO] IPUIPlugin:80 - create IPUIPlugin
2024-09-12 09:11:07,128 [INFO] PluginManager:220 - loadIPPluginJar : add fatfs
2024-09-12 09:11:07,181 [INFO] IPUIPlugin:80 - create IPUIPlugin
2024-09-12 09:11:07,181 [INFO] PluginManager:220 - loadIPPluginJar : add fmc
2024-09-12 09:11:07,196 [INFO] IPUIPlugin:80 - create IPUIPlugin
2024-09-12 09:11:07,196 [INFO] PluginManager:220 - loadIPPluginJar : add freertos
2024-09-12 09:11:07,221 [INFO] IPUIPlugin:80 - create IPUIPlugin
2024-09-12 09:11:07,221 [INFO] PluginManager:220 - loadIPPluginJar : add genericplugin
2024-09-12 09:11:07,323 [INFO] IPUIPlugin:80 - create IPUIPlugin
2024-09-12 09:11:07,323 [INFO] PluginManager:220 - loadIPPluginJar : add gfxmmu
2024-09-12 09:11:07,461 [INFO] IPUIPlugin:80 - create IPUIPlugin
2024-09-12 09:11:07,461 [INFO] PluginManager:220 - loadIPPluginJar : add gic
2024-09-12 09:11:07,474 [INFO] IPUIPlugin:80 - create IPUIPlugin
2024-09-12 09:11:07,475 [INFO] PluginManager:220 - loadIPPluginJar : add gpio
2024-09-12 09:11:07,574 [INFO] IPUIPlugin:80 - create IPUIPlugin
2024-09-12 09:11:07,574 [INFO] PluginManager:220 - loadIPPluginJar : add gtzc
2024-09-12 09:11:07,611 [INFO] IPUIPlugin:80 - create IPUIPlugin
2024-09-12 09:11:07,611 [INFO] PluginManager:220 - loadIPPluginJar : add hash
2024-09-12 09:11:07,670 [INFO] IPUIPlugin:80 - create IPUIPlugin
2024-09-12 09:11:07,670 [INFO] PluginManager:220 - loadIPPluginJar : add i2c
2024-09-12 09:11:07,719 [INFO] IPUIPlugin:80 - create IPUIPlugin
2024-09-12 09:11:07,720 [INFO] PluginManager:220 - loadIPPluginJar : add i2s
2024-09-12 09:11:07,764 [INFO] IPUIPlugin:80 - create IPUIPlugin
2024-09-12 09:11:07,764 [INFO] PluginManager:220 - loadIPPluginJar : add i3c
2024-09-12 09:11:07,870 [INFO] IPUIPlugin:80 - create IPUIPlugin
2024-09-12 09:11:07,870 [INFO] PluginManager:220 - loadIPPluginJar : add ipddr
2024-09-12 09:11:07,970 [INFO] IPUIPlugin:80 - create IPUIPlugin
2024-09-12 09:11:07,970 [INFO] PluginManager:220 - loadIPPluginJar : add linkedlist
2024-09-12 09:11:08,006 [INFO] IPUIPlugin:80 - create IPUIPlugin
2024-09-12 09:11:08,007 [INFO] PluginManager:220 - loadIPPluginJar : add lorawan
2024-09-12 09:11:08,043 [INFO] IPUIPlugin:80 - create IPUIPlugin
2024-09-12 09:11:08,043 [INFO] PluginManager:220 - loadIPPluginJar : add ltdc
2024-09-12 09:11:08,058 [INFO] IPUIPlugin:80 - create IPUIPlugin
2024-09-12 09:11:08,059 [INFO] PluginManager:220 - loadIPPluginJar : add mdma
2024-09-12 09:11:08,070 [INFO] IPUIPlugin:80 - create IPUIPlugin
2024-09-12 09:11:08,071 [INFO] PluginManager:220 - loadIPPluginJar : add nvic
2024-09-12 09:11:08,107 [INFO] IPUIPlugin:80 - create IPUIPlugin
2024-09-12 09:11:08,107 [INFO] PluginManager:220 - loadIPPluginJar : add opamp
2024-09-12 09:11:08,171 [INFO] IPUIPlugin:80 - create IPUIPlugin
2024-09-12 09:11:08,172 [INFO] PluginManager:220 - loadIPPluginJar : add openamp
2024-09-12 09:11:08,214 [INFO] IPUIPlugin:80 - create IPUIPlugin
2024-09-12 09:11:08,214 [INFO] PluginManager:220 - loadIPPluginJar : add pdm2pcm
2024-09-12 09:11:08,229 [INFO] IPUIPlugin:80 - create IPUIPlugin
2024-09-12 09:11:08,232 [INFO] PluginManager:220 - loadIPPluginJar : add plateformsettings
2024-09-12 09:11:08,257 [INFO] IPUIPlugin:80 - create IPUIPlugin
2024-09-12 09:11:08,257 [INFO] PluginManager:220 - loadIPPluginJar : add quadspi
2024-09-12 09:11:08,291 [INFO] IPUIPlugin:80 - create IPUIPlugin
2024-09-12 09:11:08,291 [INFO] PluginManager:220 - loadIPPluginJar : add radio
2024-09-12 09:11:08,303 [INFO] IPUIPlugin:80 - create IPUIPlugin
2024-09-12 09:11:08,303 [INFO] PluginManager:220 - loadIPPluginJar : add resmgrutility
2024-09-12 09:11:08,361 [INFO] IPUIPlugin:80 - create IPUIPlugin
2024-09-12 09:11:08,361 [INFO] PluginManager:220 - loadIPPluginJar : add sai
2024-09-12 09:11:08,398 [INFO] IPUIPlugin:80 - create IPUIPlugin
2024-09-12 09:11:08,399 [INFO] PluginManager:220 - loadIPPluginJar : add spi
2024-09-12 09:11:08,471 [INFO] IPUIPlugin:80 - create IPUIPlugin
2024-09-12 09:11:08,471 [INFO] PluginManager:220 - loadIPPluginJar : add stm32_wpan
2024-09-12 09:11:08,498 [INFO] IPUIPlugin:80 - create IPUIPlugin
2024-09-12 09:11:08,498 [INFO] PluginManager:220 - loadIPPluginJar : add tim
2024-09-12 09:11:08,562 [INFO] IPUIPlugin:80 - create IPUIPlugin
2024-09-12 09:11:08,562 [INFO] PluginManager:220 - loadIPPluginJar : add touchsensing
2024-09-12 09:11:08,585 [INFO] IPUIPlugin:80 - create IPUIPlugin
2024-09-12 09:11:08,586 [INFO] PluginManager:220 - loadIPPluginJar : add tracer_emb
2024-09-12 09:11:08,608 [INFO] IPUIPlugin:80 - create IPUIPlugin
2024-09-12 09:11:08,608 [INFO] PluginManager:220 - loadIPPluginJar : add ts
2024-09-12 09:11:08,634 [INFO] IPUIPlugin:80 - create IPUIPlugin
2024-09-12 09:11:08,634 [INFO] PluginManager:220 - loadIPPluginJar : add tsc
2024-09-12 09:11:08,658 [INFO] IPUIPlugin:80 - create IPUIPlugin
2024-09-12 09:11:08,658 [INFO] PluginManager:220 - loadIPPluginJar : add ucpd
2024-09-12 09:11:08,706 [INFO] IPUIPlugin:80 - create IPUIPlugin
2024-09-12 09:11:08,707 [INFO] PluginManager:220 - loadIPPluginJar : add usart
2024-09-12 09:11:08,752 [INFO] IPUIPlugin:80 - create IPUIPlugin
2024-09-12 09:11:08,752 [INFO] PluginManager:220 - loadIPPluginJar : add usbx
2024-09-12 09:11:08,880 [INFO] CADModel:165 - CPN selected for project level
2024-09-12 09:11:08,880 [INFO] CADModel:114 - Register for checkConnection events
2024-09-12 09:11:08,880 [FATAL] Updater:334 - Updater called before beeing initialized
2024-09-12 09:11:08,881 [ERROR] CADModel:125 - Updater not yet initialized, retry later 
2024-09-12 09:11:09,028 [INFO] CADModel:165 - CPN selected for project level
2024-09-12 09:11:09,028 [INFO] CADModel:114 - Register for checkConnection events
2024-09-12 09:11:09,028 [FATAL] Updater:334 - Updater called before beeing initialized
2024-09-12 09:11:09,028 [ERROR] CADModel:125 - Updater not yet initialized, retry later 
2024-09-12 09:11:09,031 [FATAL] Updater:334 - Updater called before beeing initialized
2024-09-12 09:11:09,151 [FATAL] Updater:334 - Updater called before beeing initialized
2024-09-12 09:11:09,160 [INFO] DbMcusAds:53 - JSON generation date=Thu May 16 16:22:00 ICT 2024 (1715851320667)
2024-09-12 09:11:09,160 [FATAL] Updater:334 - Updater called before beeing initialized
2024-09-12 09:11:09,197 [WARN] DetailPanel:346 - Failed to get advertising image, set to default
2024-09-12 09:11:09,232 [INFO] ThirdPartyUpdaterWithRetryManager:70 - Updater plugin not ready yet. [2/15]
2024-09-12 09:11:09,281 [FATAL] Updater:334 - Updater called before beeing initialized
2024-09-12 09:11:09,284 [FATAL] Updater:334 - Updater called before beeing initialized
2024-09-12 09:11:09,284 [FATAL] Updater:334 - Updater called before beeing initialized
2024-09-12 09:11:09,284 [WARN] DetailPanel:346 - Failed to get advertising image, set to default
2024-09-12 09:11:09,284 [FATAL] Updater:334 - Updater called before beeing initialized
2024-09-12 09:11:09,354 [ERROR] Updater:1164 - MainUpdater not yet initialized. External WinMGr cannot be set.
2024-09-12 09:11:09,366 [INFO] Updater:1100 - Updater Version found : 6.12.0
2024-09-12 09:11:09,389 [INFO] ApplicationProperties:184 - Using Application install path: C:\ST\STM32CubeIDE_1.16.0\STM32CubeIDE\plugins\com.st.stm32cube.common.mx_6.12.0.202406281431
2024-09-12 09:11:10,984 [ERROR] LogOutputStream:75 - [STDERR_REDIRECT] Sep 12, 2024 9:11:10 AM java.util.prefs.WindowsPreferences <init>
2024-09-12 09:11:10,985 [ERROR] LogOutputStream:75 - [STDERR_REDIRECT] WARNING: Could not open/create prefs root node Software\JavaSoft\Prefs at root 0xffffffff80000002. Windows RegCreateKeyEx(...) returned error code 5.
2024-09-12 09:11:10,985 [ERROR] LogOutputStream:75 - [STDERR_REDIRECT] 
2024-09-12 09:11:11,421 [INFO] MainUpdater:2873 - connection check result : 10
2024-09-12 09:11:11,421 [INFO] MainUpdater:290 - Updater Check For Update Now.
2024-09-12 09:11:11,422 [INFO] MicroXplorer:498 - Change Database Version : DB.6.0.120
2024-09-12 09:11:11,443 [INFO] McuFinderGlobals:63 - Set McuFinder mode to 2 (CubeIDE integrated)
2024-09-12 09:11:11,452 [INFO] UserAuth:417 - Internet connection configuration mode: 1
2024-09-12 09:11:11,485 [INFO] JxBrowserEngine:152 - Initiate JxBrowser Engine with user profile folder
2024-09-12 09:11:11,677 [INFO] CheckServerUpdateThread:120 - End of CheckServer Thread
2024-09-12 09:11:12,528 [WARN] PackLoader:240 - Cannot read IP mode file for STMicroelectronics.FP-SNS-MOTENVWB1.1.4.0
2024-09-12 09:11:12,554 [WARN] PackLoader:240 - Cannot read IP mode file for STMicroelectronics.X-CUBE-SMBUS.2.1.0
2024-09-12 09:11:12,586 [WARN] PackLoader:240 - Cannot read IP mode file for STMicroelectronics.X-CUBE-TOUCHGFX.4.23.0
2024-09-12 09:11:12,650 [WARN] PackLoader:240 - Cannot read IP mode file for STMicroelectronics.X-CUBE-TOUCHGFX.4.23.2
2024-09-12 09:11:12,796 [WARN] PackLoader:240 - Cannot read IP mode file for STMicroelectronics.X-CUBE-AZRTOS-F7.1.1.0
2024-09-12 09:11:12,827 [WARN] PackLoader:240 - Cannot read IP mode file for STMicroelectronics.FP-SNS-MOTENV1.4.3.2
2024-09-12 09:11:12,979 [WARN] PackLoader:240 - Cannot read IP mode file for STMicroelectronics.X-CUBE-MEMS1.11.0.0
2024-09-12 09:11:13,251 [WARN] PackLoader:240 - Cannot read IP mode file for STMicroelectronics.FP-SNS-FLIGHT1.5.0.2
2024-09-12 09:11:13,274 [WARN] PackLoader:240 - Cannot read IP mode file for STMicroelectronics.X-CUBE-DISPLAY.3.0.0
2024-09-12 09:11:13,297 [WARN] PackLoader:240 - Cannot read IP mode file for STMicroelectronics.X-CUBE-BLE1.7.0.0
2024-09-12 09:11:13,315 [WARN] PackLoader:240 - Cannot read IP mode file for emotas.I-CUBE-CANOPEN.1.3.0
2024-09-12 09:11:13,336 [WARN] PackLoader:240 - Cannot read IP mode file for STMicroelectronics.X-CUBE-BLEMGR.3.1.0
2024-09-12 09:11:13,358 [WARN] PackLoader:240 - Cannot read IP mode file for STMicroelectronics.FP-SNS-SMARTAG2.1.2.0
2024-09-12 09:11:13,383 [INFO] LogOutputStream:77 - [STDOUT_REDIRECT] 1 : Invalid condition id : UX_CORESTACK_Condition cause : null
2024-09-12 09:11:13,384 [INFO] LogOutputStream:77 - [STDOUT_REDIRECT] 1 : Invalid condition id : UX_CORESTACK_Condition cause : null
2024-09-12 09:11:13,385 [INFO] LogOutputStream:77 - [STDOUT_REDIRECT] 1 : Invalid condition id : UX_CORESTACK_Condition cause : null
2024-09-12 09:11:13,387 [INFO] LogOutputStream:77 - [STDOUT_REDIRECT] 1 : Invalid condition id : UX_CORESTACK_Condition cause : null
2024-09-12 09:11:13,388 [INFO] LogOutputStream:77 - [STDOUT_REDIRECT] 1 : Invalid condition id : UX_CORESTACK_Condition cause : null
2024-09-12 09:11:13,391 [WARN] PackLoader:240 - Cannot read IP mode file for STMicroelectronics.X-CUBE-AZRTOS-WL.2.0.0
2024-09-12 09:11:13,413 [WARN] PackLoader:240 - Cannot read IP mode file for STMicroelectronics.FP-SNS-MOTENV1.5.0.0
2024-09-12 09:11:13,431 [WARN] PackLoader:240 - Cannot read IP mode file for wolfSSL.I-CUBE-wolfMQTT.1.19.0
2024-09-12 09:11:13,451 [WARN] PackLoader:240 - Cannot read IP mode file for WES.I-CUBE-Cesium.1.3.0
2024-09-12 09:11:13,474 [WARN] PackLoader:240 - Cannot read IP mode file for STMicroelectronics.X-CUBE-BLE2.3.3.0
2024-09-12 09:11:13,498 [WARN] PackLoader:240 - Cannot read IP mode file for STMicroelectronics.X-CUBE-TCPP.4.1.0
2024-09-12 09:11:13,571 [WARN] PackLoader:240 - Cannot read IP mode file for STMicroelectronics.X-CUBE-ALGOBUILD.1.3.0
2024-09-12 09:11:13,615 [WARN] PackLoader:240 - Cannot read IP mode file for STMicroelectronics.X-CUBE-AZRTOS-G0.1.1.0
2024-09-12 09:11:13,715 [WARN] PackLoader:240 - Cannot read IP mode file for STMicroelectronics.X-CUBE-SAFEA1.1.2.2
2024-09-12 09:11:13,747 [WARN] PackLoader:240 - Cannot read IP mode file for STMicroelectronics.X-CUBE-NFC4.3.0.0
2024-09-12 09:11:13,777 [WARN] PackLoader:240 - Cannot read IP mode file for wolfSSL.I-CUBE-wolfMQTT.1.18.0
2024-09-12 09:11:13,809 [WARN] PackLoader:240 - Cannot read IP mode file for EmbeddedOffice.I-CUBE-FS-RTOS.1.0.1
2024-09-12 09:11:13,810 [ERROR] ConditionMgr:805 - Attr not supported : Dmpu
2024-09-12 09:11:13,810 [ERROR] ConditionMgr:805 - Attr not supported : Dmpu
2024-09-12 09:11:13,811 [ERROR] ConditionMgr:805 - Attr not supported : Dmpu
2024-09-12 09:11:13,811 [ERROR] ConditionMgr:805 - Attr not supported : Dmpu
2024-09-12 09:11:13,811 [ERROR] ConditionMgr:805 - Attr not supported : Dmpu
2024-09-12 09:11:13,811 [ERROR] ConditionMgr:805 - Attr not supported : Dmpu
2024-09-12 09:11:13,812 [ERROR] ConditionMgr:805 - Attr not supported : Dmpu
2024-09-12 09:11:13,812 [ERROR] ConditionMgr:805 - Attr not supported : Dmpu
2024-09-12 09:11:13,812 [ERROR] ConditionMgr:805 - Attr not supported : Dmpu
2024-09-12 09:11:13,812 [ERROR] ConditionMgr:805 - Attr not supported : Dmpu
2024-09-12 09:11:13,812 [ERROR] ConditionMgr:805 - Attr not supported : Dmpu
2024-09-12 09:11:13,812 [ERROR] ConditionMgr:805 - Attr not supported : Dmpu
2024-09-12 09:11:13,813 [ERROR] ConditionMgr:805 - Attr not supported : Dmpu
2024-09-12 09:11:13,813 [ERROR] ConditionMgr:805 - Attr not supported : Dmpu
2024-09-12 09:11:13,813 [ERROR] ConditionMgr:805 - Attr not supported : Dmpu
2024-09-12 09:11:13,813 [ERROR] ConditionMgr:805 - Attr not supported : Dmpu
2024-09-12 09:11:13,813 [ERROR] ConditionMgr:805 - Attr not supported : Dmpu
2024-09-12 09:11:13,813 [ERROR] ConditionMgr:805 - Attr not supported : Dmpu
2024-09-12 09:11:13,813 [ERROR] ConditionMgr:805 - Attr not supported : Dmpu
2024-09-12 09:11:13,813 [ERROR] ConditionMgr:805 - Attr not supported : Dmpu
2024-09-12 09:11:13,813 [ERROR] ConditionMgr:805 - Attr not supported : Dmpu
2024-09-12 09:11:13,813 [ERROR] ConditionMgr:805 - Attr not supported : Dmpu
2024-09-12 09:11:13,813 [ERROR] ConditionMgr:805 - Attr not supported : Dmpu
2024-09-12 09:11:13,814 [ERROR] ConditionMgr:805 - Attr not supported : Dmpu
2024-09-12 09:11:13,814 [ERROR] ConditionMgr:805 - Attr not supported : Dmpu
2024-09-12 09:11:13,814 [ERROR] ConditionMgr:805 - Attr not supported : Dmpu
2024-09-12 09:11:13,814 [ERROR] ConditionMgr:805 - Attr not supported : Dmpu
2024-09-12 09:11:13,814 [ERROR] ConditionMgr:805 - Attr not supported : Dmpu
2024-09-12 09:11:13,814 [ERROR] ConditionMgr:805 - Attr not supported : Dmpu
2024-09-12 09:11:13,814 [ERROR] ConditionMgr:805 - Attr not supported : Dmpu
2024-09-12 09:11:13,814 [ERROR] ConditionMgr:805 - Attr not supported : Dmpu
2024-09-12 09:11:13,814 [ERROR] ConditionMgr:805 - Attr not supported : Dmpu
2024-09-12 09:11:13,814 [ERROR] ConditionMgr:805 - Attr not supported : Dmpu
2024-09-12 09:11:13,814 [ERROR] ConditionMgr:805 - Attr not supported : Dmpu
2024-09-12 09:11:13,814 [ERROR] ConditionMgr:805 - Attr not supported : Dmpu
2024-09-12 09:11:13,815 [ERROR] ConditionMgr:805 - Attr not supported : Dmpu
2024-09-12 09:11:13,815 [ERROR] ConditionMgr:805 - Attr not supported : Dmpu
2024-09-12 09:11:13,815 [ERROR] ConditionMgr:805 - Attr not supported : Dmpu
2024-09-12 09:11:13,815 [ERROR] ConditionMgr:805 - Attr not supported : Dmpu
2024-09-12 09:11:13,815 [ERROR] ConditionMgr:805 - Attr not supported : Dmpu
2024-09-12 09:11:13,815 [ERROR] ConditionMgr:805 - Attr not supported : Dmpu
2024-09-12 09:11:13,815 [ERROR] ConditionMgr:805 - Attr not supported : Dmpu
2024-09-12 09:11:13,816 [ERROR] ConditionMgr:805 - Attr not supported : Dmpu
2024-09-12 09:11:13,816 [ERROR] ConditionMgr:805 - Attr not supported : Dmpu
2024-09-12 09:11:13,816 [ERROR] ConditionMgr:805 - Attr not supported : Dmpu
2024-09-12 09:11:13,816 [ERROR] ConditionMgr:805 - Attr not supported : Dmpu
2024-09-12 09:11:13,816 [ERROR] ConditionMgr:805 - Attr not supported : Dmpu
2024-09-12 09:11:13,816 [ERROR] ConditionMgr:805 - Attr not supported : Dmpu
2024-09-12 09:11:13,816 [ERROR] ConditionMgr:805 - Attr not supported : Dmpu
2024-09-12 09:11:13,816 [ERROR] ConditionMgr:805 - Attr not supported : Dmpu
2024-09-12 09:11:13,817 [ERROR] ConditionMgr:805 - Attr not supported : Dmpu
2024-09-12 09:11:13,817 [ERROR] ConditionMgr:805 - Attr not supported : Dmpu
2024-09-12 09:11:13,817 [ERROR] ConditionMgr:805 - Attr not supported : Dmpu
2024-09-12 09:11:13,818 [ERROR] ConditionMgr:805 - Attr not supported : Dmpu
2024-09-12 09:11:13,818 [ERROR] ConditionMgr:805 - Attr not supported : Dmpu
2024-09-12 09:11:13,818 [ERROR] ConditionMgr:805 - Attr not supported : Dmpu
2024-09-12 09:11:13,818 [ERROR] ConditionMgr:805 - Attr not supported : Dmpu
2024-09-12 09:11:13,818 [ERROR] ConditionMgr:805 - Attr not supported : Dmpu
2024-09-12 09:11:13,818 [ERROR] ConditionMgr:805 - Attr not supported : Dmpu
2024-09-12 09:11:13,819 [ERROR] ConditionMgr:805 - Attr not supported : Dmpu
2024-09-12 09:11:13,819 [ERROR] ConditionMgr:805 - Attr not supported : Dmpu
2024-09-12 09:11:13,819 [ERROR] ConditionMgr:805 - Attr not supported : Dmpu
2024-09-12 09:11:13,819 [ERROR] ConditionMgr:805 - Attr not supported : Dmpu
2024-09-12 09:11:13,819 [ERROR] ConditionMgr:805 - Attr not supported : Dmpu
2024-09-12 09:11:13,843 [WARN] PackLoader:240 - Cannot read IP mode file for RealThread.X-CUBE-RT-Thread_Nano.4.1.1
2024-09-12 09:11:13,858 [WARN] PackLoader:240 - Cannot read IP mode file for STMicroelectronics.FP-ATR-SIGFOX1.3.2.0
2024-09-12 09:11:13,877 [WARN] PackLoader:240 - Cannot read IP mode file for STMicroelectronics.X-CUBE-EEPRMA1.5.1.0
2024-09-12 09:11:13,934 [WARN] PackLoader:240 - Cannot read IP mode file for SEGGER.I-CUBE-embOS.1.3.1
2024-09-12 09:11:14,004 [WARN] PackLoader:240 - Cannot read IP mode file for STMicroelectronics.X-CUBE-ALGOBUILD.1.4.0
2024-09-12 09:11:14,022 [WARN] PackLoader:240 - Cannot read IP mode file for STMicroelectronics.X-CUBE-GNSS1.6.0.0
2024-09-12 09:11:14,058 [WARN] PackLoader:240 - Cannot read IP mode file for STMicroelectronics.X-CUBE-AZRTOS-F4.1.1.0
2024-09-12 09:11:14,076 [WARN] PackLoader:240 - Cannot read IP mode file for STMicroelectronics.X-CUBE-FREERTOS.1.2.0
2024-09-12 09:11:14,092 [WARN] PackLoader:240 - Cannot read IP mode file for wolfSSL.I-CUBE-wolfSSL.5.6.6
2024-09-12 09:11:14,136 [WARN] PackLoader:240 - Cannot read IP mode file for STMicroelectronics.X-CUBE-AZRTOS-L5.2.0.0
2024-09-12 09:11:14,175 [WARN] PackLoader:240 - Cannot read IP mode file for STMicroelectronics.X-CUBE-NFC6.3.1.0
2024-09-12 09:11:14,204 [WARN] PackLoader:240 - Cannot read IP mode file for ITTIA_DB.I-CUBE-ITTIADB.8.8.0
2024-09-12 09:11:14,227 [WARN] PackLoader:240 - Cannot read IP mode file for STMicroelectronics.X-CUBE-DPower.1.2.0
2024-09-12 09:11:14,244 [WARN] PackLoader:240 - Cannot read IP mode file for STMicroelectronics.X-CUBE-AI.9.0.0
2024-09-12 09:11:14,260 [WARN] PackLoader:240 - Cannot read IP mode file for STMicroelectronics.X-CUBE-NFC7.1.0.1
2024-09-12 09:11:14,280 [WARN] PackLoader:240 - Cannot read IP mode file for wolfSSL.I-CUBE-wolfTPM.3.2.0
2024-09-12 09:11:14,301 [WARN] PackLoader:240 - Cannot read IP mode file for STMicroelectronics.X-CUBE-AI.8.1.0
2024-09-12 09:11:14,338 [WARN] ConditionMgr:438 - getConditionDescription Invalid condition id : LAN8742 Phy interface Condition cause : null
2024-09-12 09:11:14,339 [WARN] PackLoader:240 - Cannot read IP mode file for STMicroelectronics.X-CUBE-AZRTOS-L4.2.0.0
2024-09-12 09:11:14,341 [WARN] ConditionMgr:1039 - genDependencies : Invalid condition id : LAN8742 Phy interface Condition cause : null
2024-09-12 09:11:14,341 [WARN] ConditionMgr:1039 - genDependencies : Invalid condition id : LAN8742 Phy interface Condition cause : null
2024-09-12 09:11:14,342 [WARN] ConditionMgr:1039 - genDependencies : Invalid condition id : LAN8742 Phy interface Condition cause : null
2024-09-12 09:11:14,362 [WARN] PackLoader:240 - Cannot read IP mode file for STMicroelectronics.X-CUBE-SFXS2LP1.4.0.0
2024-09-12 09:11:14,404 [WARN] PackLoader:240 - Cannot read IP mode file for STMicroelectronics.X-CUBE-AZRTOS-H7.3.3.0
2024-09-12 09:11:14,440 [WARN] ConditionMgr:438 - getConditionDescription Invalid condition id : UX DEVICE CLASS RTOS Condition cause : null
2024-09-12 09:11:14,441 [WARN] ConditionMgr:438 - getConditionDescription Invalid condition id : UX DEVICE CLASS RTOS Condition cause : null
2024-09-12 09:11:14,444 [WARN] PackLoader:240 - Cannot read IP mode file for STMicroelectronics.X-CUBE-AZRTOS-WB.2.0.0
2024-09-12 09:11:14,445 [WARN] ConditionMgr:1039 - genDependencies : Invalid condition id : UX DEVICE CLASS RTOS Condition cause : null
2024-09-12 09:11:14,445 [WARN] ConditionMgr:1039 - genDependencies : Invalid condition id : UX DEVICE CLASS RTOS Condition cause : null
2024-09-12 09:11:14,445 [WARN] ConditionMgr:1039 - genDependencies : Invalid condition id : UX DEVICE CLASS RTOS Condition cause : null
2024-09-12 09:11:14,446 [WARN] ConditionMgr:1039 - genDependencies : Invalid condition id : UX DEVICE CLASS RTOS Condition cause : null
2024-09-12 09:11:14,446 [WARN] ConditionMgr:1039 - genDependencies : Invalid condition id : UX DEVICE CLASS RTOS Condition cause : null
2024-09-12 09:11:14,465 [WARN] PackLoader:240 - Cannot read IP mode file for STMicroelectronics.X-CUBE-GNSS1.7.0.0
2024-09-12 09:11:14,485 [WARN] PackLoader:240 - Cannot read IP mode file for STMicroelectronics.FP-SNS-STBOX1.2.0.0
2024-09-12 09:11:14,514 [WARN] PackLoader:240 - Cannot read IP mode file for STMicroelectronics.X-CUBE-SUBG2.5.0.0
2024-09-12 09:11:14,534 [WARN] PackLoader:240 - Cannot read IP mode file for Cesanta.I-CUBE-Mongoose.7.13.0
2024-09-12 09:11:14,569 [WARN] PackLoader:240 - Cannot read IP mode file for STMicroelectronics.X-CUBE-AZRTOS-G4.2.0.0
2024-09-12 09:11:14,597 [WARN] PackLoader:240 - Cannot read IP mode file for Infineon.AIROC-Wi-Fi-Bluetooth-STM32.1.5.1
2024-09-12 09:11:14,617 [WARN] PackLoader:240 - Cannot read IP mode file for STMicroelectronics.FP-SNS-MOTENVWB1.1.3.1
2024-09-12 09:11:14,632 [WARN] PackLoader:240 - Cannot read IP mode file for STMicroelectronics.X-CUBE-ISPU.2.0.0
2024-09-12 09:11:14,648 [WARN] PackLoader:240 - Cannot read IP mode file for STMicroelectronics.X-CUBE-ALS.1.0.2
2024-09-12 09:11:14,725 [WARN] PackLoader:240 - Cannot read IP mode file for STMicroelectronics.X-CUBE-MEMS1.10.0.0
2024-09-12 09:11:14,892 [WARN] PackLoader:240 - Cannot read IP mode file for STMicroelectronics.X-CUBE-FREERTOS.1.1.0
2024-09-12 09:11:14,908 [WARN] PackLoader:240 - Cannot read IP mode file for STMicroelectronics.X-CUBE-TOUCHGFX.4.24.0
2024-09-12 09:11:14,926 [WARN] PackLoader:240 - Cannot read IP mode file for portGmbH.I-Cube-SoM-uGOAL.1.1.0
2024-09-12 09:11:14,944 [WARN] PackLoader:240 - Cannot read IP mode file for STMicroelectronics.X-CUBE-ALS.1.0.1
2024-09-12 09:11:14,983 [WARN] PackLoader:240 - Cannot read IP mode file for STMicroelectronics.X-CUBE-AZRTOS-H7RS.1.0.0
2024-09-12 09:11:15,003 [WARN] PackLoader:240 - Cannot read IP mode file for STMicroelectronics.FP-ATR-ASTRA1.2.0.0
2024-09-12 09:11:15,032 [WARN] PackLoader:240 - Cannot read IP mode file for STMicroelectronics.X-CUBE-TOF1.3.4.2
2024-09-12 09:11:15,063 [WARN] PackLoader:240 - Cannot read IP mode file for STMicroelectronics.X-CUBE-TOF1.3.4.1
2024-09-12 09:11:15,122 [WARN] PackLoader:240 - Cannot read IP mode file for STMicroelectronics.X-CUBE-AZRTOS-H7.3.2.0
2024-09-12 09:11:15,144 [WARN] PackLoader:240 - Cannot read IP mode file for wolfSSL.I-CUBE-wolfSSH.1.4.17
2024-09-12 09:11:15,145 [INFO] ThirdParty:978 - Integrity check success = true
2024-09-12 09:11:15,145 [INFO] IntegrityCheckThread:100 - exiting critical section [integrity check]
2024-09-12 09:11:15,145 [INFO] IntegrityCheckThread:103 - End integrity checks thread
2024-09-12 09:11:15,929 [INFO] WebApp:167 - Instantiating new browser for Auth
2024-09-12 09:11:16,844 [INFO] WebApp:448 - Apply proxy settings
2024-09-12 09:11:16,844 [INFO] WebApp:533 - Chromium requires no authentication
2024-09-12 09:11:16,857 [INFO] WebApp:476 - Direct internet connection detected
2024-09-12 09:11:16,892 [INFO] WebApp:869 - Register for checkConnection events
2024-09-12 09:11:16,892 [INFO] WebApp:448 - Apply proxy settings
2024-09-12 09:11:16,893 [INFO] WebApp:533 - Chromium requires no authentication
2024-09-12 09:11:16,893 [INFO] WebApp:476 - Direct internet connection detected
2024-09-12 09:11:17,080 [INFO] WebApp:220 - Starting web application
2024-09-12 09:11:17,080 [INFO] WebApp:578 - Web application path used C:\ST\STM32CubeIDE_1.16.0\STM32CubeIDE\plugins\com.st.stm32cube.common.mx_6.12.0.202406281431\db\plugins\mcufinder\reactClient1\index.html
2024-09-12 09:11:17,280 [INFO] UserAuth:417 - Internet connection configuration mode: 1
2024-09-12 09:11:17,448 [INFO] WebApp:186 - Connection restablished
2024-09-12 09:51:10,914 [ERROR] LogOutputStream:75 - [STDERR_REDIRECT] 
2024-09-12 15:05:41,244 [INFO] Activator:176 - 


2024-09-12 15:05:41,249 [INFO] Activator:177 - !SESSION log4j initialized
2024-09-12 15:06:30,261 [INFO] LogOutputStream:77 - [STDOUT_REDIRECT] 
2024-09-12 15:06:36,232 [INFO] ApplicationProperties:184 - Using Application install path: C:\ST\STM32CubeIDE_1.16.0\STM32CubeIDE\plugins\com.st.stm32cube.common.mx_6.12.0.202406281431
2024-09-12 15:06:36,251 [INFO] DbMcusXml:78 - Set database path to: C:\ST\STM32CubeIDE_1.16.0\STM32CubeIDE\plugins\com.st.stm32cube.common.mx_6.12.0.202406281431\\db\/mcu/
2024-09-12 15:06:36,251 [INFO] ApiDb:274 - Set plugin database path to: C:\ST\STM32CubeIDE_1.16.0\STM32CubeIDE\plugins\com.st.stm32cube.common.mx_6.12.0.202406281431\\db\/plugins/boardmanager/
2024-09-12 15:06:36,251 [WARN] ApiDb:259 - Overriding images path with different value:  => C:\ST\STM32CubeIDE_1.16.0\STM32CubeIDE\plugins\com.st.stm32cube.common.mx_6.12.0.202406281431\\db\/plugins/mcufinder/images/
2024-09-12 15:06:36,267 [INFO] ApiDb:250 - Set database path to: C:\Users\OS\.stmcufinder\plugins\mcufinder//mcu/
2024-09-12 15:06:36,268 [INFO] DbMcusAds:125 - Set database path to: C:\Users\OS\.stmcufinder\plugins\mcufinder//mcu/
2024-09-12 15:06:37,152 [INFO] CrossReferenceDbSqlite:203 - Set database path to: C:\Users\OS\.stmcufinder\plugins\mcufinder//mcu/cs/
2024-09-12 15:06:37,353 [INFO] RulesReader:64 - Compatibility file has been processed (297 Rules)
2024-09-12 15:06:37,447 [INFO] DbMcusXml:78 - Set database path to: C:\ST\STM32CubeIDE_1.16.0\STM32CubeIDE\plugins\com.st.stm32cube.common.mx_6.12.0.202406281431\\db\/mcu/
2024-09-12 15:06:37,447 [INFO] ApiDb:274 - Set plugin database path to: C:\ST\STM32CubeIDE_1.16.0\STM32CubeIDE\plugins\com.st.stm32cube.common.mx_6.12.0.202406281431\\db\/plugins/boardmanager/
2024-09-12 15:06:37,447 [INFO] ApiDb:261 - Set plugin images path to: C:\ST\STM32CubeIDE_1.16.0\STM32CubeIDE\plugins\com.st.stm32cube.common.mx_6.12.0.202406281431\\db\/plugins/mcufinder/images/
2024-09-12 15:06:37,448 [WARN] DbFile:41 - Overriding database path with different value: C:\Users\OS\.stmcufinder\plugins\mcufinder/ => C:\Users\OS\.stmcufinder\plugins\mcufinder
2024-09-12 15:06:37,448 [INFO] ApiDb:250 - Set database path to: C:\Users\OS\.stmcufinder\plugins\mcufinder//mcu/
2024-09-12 15:06:37,448 [WARN] DbFile:41 - Overriding database path with different value: C:\Users\OS\.stmcufinder\plugins\mcufinder/ => C:\Users\OS\.stmcufinder\plugins\mcufinder
2024-09-12 15:06:37,448 [INFO] DbMcusAds:125 - Set database path to: C:\Users\OS\.stmcufinder\plugins\mcufinder//mcu/
2024-09-12 15:06:37,448 [WARN] DbFile:41 - Overriding database path with different value: C:\Users\OS\.stmcufinder\plugins\mcufinder/ => C:\Users\OS\.stmcufinder\plugins\mcufinder
2024-09-12 15:06:37,448 [WARN] DbFile:41 - Overriding database path with different value: C:\Users\OS\.stmcufinder\plugins\mcufinder/ => C:\Users\OS\.stmcufinder\plugins\mcufinder
2024-09-12 15:06:38,153 [INFO] CrossReferenceDbSqlite:203 - Set database path to: C:\Users\OS\.stmcufinder\plugins\mcufinder//mcu/cs/
2024-09-12 15:06:38,307 [INFO] MainPanel:268 - HeapMemory: 268435456
2024-09-12 15:06:38,399 [INFO] DbMcusXml:78 - Set database path to: C:\ST\STM32CubeIDE_1.16.0\STM32CubeIDE\plugins\com.st.stm32cube.common.mx_6.12.0.202406281431\\db\/mcu/
2024-09-12 15:06:38,399 [INFO] ApiDb:274 - Set plugin database path to: C:\ST\STM32CubeIDE_1.16.0\STM32CubeIDE\plugins\com.st.stm32cube.common.mx_6.12.0.202406281431\\db\/plugins/boardmanager/
2024-09-12 15:06:38,399 [INFO] ApiDb:261 - Set plugin images path to: C:\ST\STM32CubeIDE_1.16.0\STM32CubeIDE\plugins\com.st.stm32cube.common.mx_6.12.0.202406281431\\db\/plugins/mcufinder/images/
2024-09-12 15:06:38,400 [WARN] DbFile:41 - Overriding database path with different value: C:\Users\OS\.stmcufinder\plugins\mcufinder/ => C:\Users\OS\.stmcufinder\plugins\mcufinder
2024-09-12 15:06:38,400 [INFO] ApiDb:250 - Set database path to: C:\Users\OS\.stmcufinder\plugins\mcufinder//mcu/
2024-09-12 15:06:38,400 [WARN] DbFile:41 - Overriding database path with different value: C:\Users\OS\.stmcufinder\plugins\mcufinder/ => C:\Users\OS\.stmcufinder\plugins\mcufinder
2024-09-12 15:06:38,400 [INFO] DbMcusAds:125 - Set database path to: C:\Users\OS\.stmcufinder\plugins\mcufinder//mcu/
2024-09-12 15:06:38,400 [WARN] DbFile:41 - Overriding database path with different value: C:\Users\OS\.stmcufinder\plugins\mcufinder/ => C:\Users\OS\.stmcufinder\plugins\mcufinder
2024-09-12 15:06:38,400 [WARN] DbFile:41 - Overriding database path with different value: C:\Users\OS\.stmcufinder\plugins\mcufinder/ => C:\Users\OS\.stmcufinder\plugins\mcufinder
2024-09-12 15:06:39,163 [INFO] CrossReferenceDbSqlite:203 - Set database path to: C:\Users\OS\.stmcufinder\plugins\mcufinder//mcu/cs/
2024-09-12 15:06:39,229 [INFO] ApplicationProperties:184 - Using Application install path: C:\ST\STM32CubeIDE_1.16.0\STM32CubeIDE\plugins\com.st.stm32cube.common.mx_6.12.0.202406281431
2024-09-12 15:06:39,234 [INFO] PluginManage:196 - Search for loadable plugins [exclusion list=, ]
2024-09-12 15:06:39,238 [INFO] PluginManage:310 - Check plugin analytics
2024-09-12 15:06:40,278 [INFO] AnalyticsPlugin:253 - Accepted Software Licenses: STM32CubeMX.6.10.0
2024-09-12 15:06:40,279 [INFO] AnalyticsPlugin:255 - Accepted CMSIS Pack Licenses: 
2024-09-12 15:06:40,279 [INFO] AnalyticsPlugin:257 - Accepted Firmware Licenses: FW.F4.1.28.0
2024-09-12 15:06:40,281 [INFO] PluginManage:359 - Loaded plugin analytics (category:tool,tabindex:-1)
2024-09-12 15:06:40,282 [INFO] PluginManage:310 - Check plugin cadmodel
2024-09-12 15:06:40,295 [INFO] CADModel:105 - Init CAD model plugin
2024-09-12 15:06:40,295 [INFO] PluginManage:359 - Loaded plugin cadmodel (category:power,tabindex:5)
2024-09-12 15:06:40,295 [INFO] PluginManage:310 - Check plugin clock
2024-09-12 15:06:40,312 [INFO] PluginManage:359 - Loaded plugin clock (category:base,tabindex:2)
2024-09-12 15:06:40,313 [INFO] PluginManage:310 - Check plugin ddr
2024-09-12 15:06:40,316 [INFO] PluginManage:359 - Loaded plugin ddr (category:tool,tabindex:6)
2024-09-12 15:06:40,316 [INFO] PluginManage:310 - Check plugin filemanager
2024-09-12 15:06:40,451 [INFO] PluginManage:359 - Loaded plugin filemanager (category:base,tabindex:10)
2024-09-12 15:06:40,451 [INFO] PluginManage:310 - Check plugin ipmanager
2024-09-12 15:06:40,460 [INFO] PluginManage:359 - Loaded plugin ipmanager (category:base,tabindex:5)
2024-09-12 15:06:40,461 [INFO] PluginManage:310 - Check plugin lpbam
2024-09-12 15:06:40,477 [INFO] PluginManage:359 - Loaded plugin lpbam (category:base,tabindex:0)
2024-09-12 15:06:40,477 [INFO] PluginManage:310 - Check plugin memorymap
2024-09-12 15:06:40,503 [INFO] PluginManage:359 - Loaded plugin memorymap (category:base,tabindex:4)
2024-09-12 15:06:40,503 [INFO] PluginManage:310 - Check plugin pinoutandconfiguration
2024-09-12 15:06:40,519 [INFO] PluginManage:359 - Loaded plugin pinoutandconfiguration (category:base,tabindex:1)
2024-09-12 15:06:40,519 [INFO] PluginManage:310 - Check plugin pinoutconfig
2024-09-12 15:06:40,623 [WARN] SupportedApi:132 - Cannot load RTOS API schema: s4s-elt-must-match.1: The content of 'definitions' must match (annotation?, (simpleType | complexType)?, (unique | key | keyref)*)). A problem was found starting at: attribute.
2024-09-12 15:06:40,747 [INFO] PluginManage:359 - Loaded plugin pinoutconfig (category:base,tabindex:0)
2024-09-12 15:06:40,747 [INFO] PluginManage:310 - Check plugin power
2024-09-12 15:06:40,764 [INFO] PluginManage:359 - Loaded plugin power (category:power,tabindex:4)
2024-09-12 15:06:40,764 [INFO] PluginManage:310 - Check plugin projectmanager
2024-09-12 15:06:40,778 [INFO] PluginManage:359 - Loaded plugin projectmanager (category:projectmanager,tabindex:4)
2024-09-12 15:06:40,778 [INFO] PluginManage:310 - Check plugin rif
2024-09-12 15:06:40,794 [INFO] PluginManage:359 - Loaded plugin rif (category:base,tabindex:3)
2024-09-12 15:06:40,795 [INFO] PluginManage:310 - Check plugin thirdparty
2024-09-12 15:06:41,069 [INFO] PluginManage:359 - Loaded plugin thirdparty (category:base,tabindex:-1)
2024-09-12 15:06:41,069 [WARN] IntegrityCheckThread:84 - waiting for thirdparty lock release [integrity check]
2024-09-12 15:06:41,069 [INFO] PluginManage:310 - Check plugin tools
2024-09-12 15:06:41,069 [INFO] IntegrityCheckThread:86 - entering critical section [integrity check]
2024-09-12 15:06:41,070 [INFO] ThirdPartyUpdaterWithRetryManager:70 - Updater plugin not ready yet. [1/15]
2024-09-12 15:06:41,101 [INFO] PluginManage:359 - Loaded plugin tools (category:base,tabindex:7)
2024-09-12 15:06:41,101 [INFO] PluginManage:310 - Check plugin tutovideos
2024-09-12 15:06:41,337 [INFO] PluginManage:359 - Loaded plugin tutovideos (category:base,tabindex:-1)
2024-09-12 15:06:41,337 [INFO] PluginManage:310 - Check plugin updater
2024-09-12 15:06:41,351 [INFO] PluginManage:359 - Loaded plugin updater (category:base,tabindex:12)
2024-09-12 15:06:41,351 [INFO] PluginManage:310 - Check plugin userauth
2024-09-12 15:06:41,357 [INFO] UserAuth:113 - Init User Auth plugin
2024-09-12 15:06:41,358 [INFO] PluginManage:359 - Loaded plugin userauth (category:base,tabindex:14)
2024-09-12 15:06:41,358 [INFO] PluginManage:283 - PluginManage : Loaded plugins [18]
2024-09-12 15:06:41,569 [INFO] PinOutPanel:1561 - setPackage(No Configuration,No Configuration)
2024-09-12 15:06:41,651 [INFO] CADModel:165 - CPN selected for project level
2024-09-12 15:06:41,651 [INFO] CADModel:114 - Register for checkConnection events
2024-09-12 15:06:41,673 [INFO] IPUIPlugin:80 - create IPUIPlugin
2024-09-12 15:06:41,673 [INFO] PluginManager:220 - loadIPPluginJar : add adc
2024-09-12 15:06:41,708 [INFO] IPUIPlugin:80 - create IPUIPlugin
2024-09-12 15:06:41,708 [INFO] PluginManager:220 - loadIPPluginJar : add aes
2024-09-12 15:06:41,744 [INFO] IPUIPlugin:80 - create IPUIPlugin
2024-09-12 15:06:41,744 [INFO] PluginManager:220 - loadIPPluginJar : add can
2024-09-12 15:06:41,768 [INFO] IPUIPlugin:80 - create IPUIPlugin
2024-09-12 15:06:41,768 [INFO] PluginManager:220 - loadIPPluginJar : add comp
2024-09-12 15:06:41,799 [INFO] IPUIPlugin:80 - create IPUIPlugin
2024-09-12 15:06:41,799 [INFO] PluginManager:220 - loadIPPluginJar : add cryp
2024-09-12 15:06:41,811 [INFO] IPUIPlugin:80 - create IPUIPlugin
2024-09-12 15:06:41,811 [INFO] PluginManager:220 - loadIPPluginJar : add ddr_ctrl_phy
2024-09-12 15:06:41,839 [INFO] IPUIPlugin:80 - create IPUIPlugin
2024-09-12 15:06:41,839 [INFO] PluginManager:220 - loadIPPluginJar : add dfsdm
2024-09-12 15:06:41,853 [INFO] IPUIPlugin:80 - create IPUIPlugin
2024-09-12 15:06:41,853 [INFO] PluginManager:220 - loadIPPluginJar : add dma
2024-09-12 15:06:41,896 [INFO] IPUIPlugin:80 - create IPUIPlugin
2024-09-12 15:06:41,896 [INFO] PluginManager:220 - loadIPPluginJar : add dma3
2024-09-12 15:06:41,937 [INFO] IPUIPlugin:80 - create IPUIPlugin
2024-09-12 15:06:41,937 [INFO] PluginManager:220 - loadIPPluginJar : add extmemmanager
2024-09-12 15:06:41,955 [INFO] IPUIPlugin:80 - create IPUIPlugin
2024-09-12 15:06:41,955 [INFO] PluginManager:220 - loadIPPluginJar : add fatfs
2024-09-12 15:06:41,997 [INFO] IPUIPlugin:80 - create IPUIPlugin
2024-09-12 15:06:41,997 [INFO] PluginManager:220 - loadIPPluginJar : add fmc
2024-09-12 15:06:42,011 [INFO] IPUIPlugin:80 - create IPUIPlugin
2024-09-12 15:06:42,011 [INFO] PluginManager:220 - loadIPPluginJar : add freertos
2024-09-12 15:06:42,029 [INFO] IPUIPlugin:80 - create IPUIPlugin
2024-09-12 15:06:42,030 [INFO] PluginManager:220 - loadIPPluginJar : add genericplugin
2024-09-12 15:06:42,116 [INFO] IPUIPlugin:80 - create IPUIPlugin
2024-09-12 15:06:42,116 [INFO] PluginManager:220 - loadIPPluginJar : add gfxmmu
2024-09-12 15:06:42,239 [INFO] IPUIPlugin:80 - create IPUIPlugin
2024-09-12 15:06:42,239 [INFO] PluginManager:220 - loadIPPluginJar : add gic
2024-09-12 15:06:42,261 [INFO] IPUIPlugin:80 - create IPUIPlugin
2024-09-12 15:06:42,261 [INFO] PluginManager:220 - loadIPPluginJar : add gpio
2024-09-12 15:06:42,343 [INFO] IPUIPlugin:80 - create IPUIPlugin
2024-09-12 15:06:42,343 [INFO] PluginManager:220 - loadIPPluginJar : add gtzc
2024-09-12 15:06:42,373 [INFO] IPUIPlugin:80 - create IPUIPlugin
2024-09-12 15:06:42,373 [INFO] PluginManager:220 - loadIPPluginJar : add hash
2024-09-12 15:06:42,419 [INFO] IPUIPlugin:80 - create IPUIPlugin
2024-09-12 15:06:42,419 [INFO] PluginManager:220 - loadIPPluginJar : add i2c
2024-09-12 15:06:42,453 [INFO] IPUIPlugin:80 - create IPUIPlugin
2024-09-12 15:06:42,453 [INFO] PluginManager:220 - loadIPPluginJar : add i2s
2024-09-12 15:06:42,492 [INFO] IPUIPlugin:80 - create IPUIPlugin
2024-09-12 15:06:42,492 [INFO] PluginManager:220 - loadIPPluginJar : add i3c
2024-09-12 15:06:42,581 [INFO] IPUIPlugin:80 - create IPUIPlugin
2024-09-12 15:06:42,582 [INFO] PluginManager:220 - loadIPPluginJar : add ipddr
2024-09-12 15:06:42,664 [INFO] IPUIPlugin:80 - create IPUIPlugin
2024-09-12 15:06:42,664 [INFO] PluginManager:220 - loadIPPluginJar : add linkedlist
2024-09-12 15:06:42,694 [INFO] IPUIPlugin:80 - create IPUIPlugin
2024-09-12 15:06:42,694 [INFO] PluginManager:220 - loadIPPluginJar : add lorawan
2024-09-12 15:06:42,728 [INFO] IPUIPlugin:80 - create IPUIPlugin
2024-09-12 15:06:42,728 [INFO] PluginManager:220 - loadIPPluginJar : add ltdc
2024-09-12 15:06:42,741 [INFO] IPUIPlugin:80 - create IPUIPlugin
2024-09-12 15:06:42,741 [INFO] PluginManager:220 - loadIPPluginJar : add mdma
2024-09-12 15:06:42,753 [INFO] IPUIPlugin:80 - create IPUIPlugin
2024-09-12 15:06:42,753 [INFO] PluginManager:220 - loadIPPluginJar : add nvic
2024-09-12 15:06:42,788 [INFO] IPUIPlugin:80 - create IPUIPlugin
2024-09-12 15:06:42,788 [INFO] PluginManager:220 - loadIPPluginJar : add opamp
2024-09-12 15:06:42,845 [INFO] IPUIPlugin:80 - create IPUIPlugin
2024-09-12 15:06:42,846 [INFO] PluginManager:220 - loadIPPluginJar : add openamp
2024-09-12 15:06:42,888 [INFO] IPUIPlugin:80 - create IPUIPlugin
2024-09-12 15:06:42,888 [INFO] PluginManager:220 - loadIPPluginJar : add pdm2pcm
2024-09-12 15:06:42,904 [INFO] IPUIPlugin:80 - create IPUIPlugin
2024-09-12 15:06:42,907 [INFO] PluginManager:220 - loadIPPluginJar : add plateformsettings
2024-09-12 15:06:42,931 [INFO] IPUIPlugin:80 - create IPUIPlugin
2024-09-12 15:06:42,931 [INFO] PluginManager:220 - loadIPPluginJar : add quadspi
2024-09-12 15:06:42,963 [INFO] IPUIPlugin:80 - create IPUIPlugin
2024-09-12 15:06:42,964 [INFO] PluginManager:220 - loadIPPluginJar : add radio
2024-09-12 15:06:42,976 [INFO] IPUIPlugin:80 - create IPUIPlugin
2024-09-12 15:06:42,977 [INFO] PluginManager:220 - loadIPPluginJar : add resmgrutility
2024-09-12 15:06:43,033 [INFO] IPUIPlugin:80 - create IPUIPlugin
2024-09-12 15:06:43,033 [INFO] PluginManager:220 - loadIPPluginJar : add sai
2024-09-12 15:06:43,087 [INFO] IPUIPlugin:80 - create IPUIPlugin
2024-09-12 15:06:43,087 [INFO] PluginManager:220 - loadIPPluginJar : add spi
2024-09-12 15:06:43,170 [INFO] IPUIPlugin:80 - create IPUIPlugin
2024-09-12 15:06:43,171 [INFO] PluginManager:220 - loadIPPluginJar : add stm32_wpan
2024-09-12 15:06:43,204 [INFO] IPUIPlugin:80 - create IPUIPlugin
2024-09-12 15:06:43,204 [INFO] PluginManager:220 - loadIPPluginJar : add tim
2024-09-12 15:06:43,326 [INFO] IPUIPlugin:80 - create IPUIPlugin
2024-09-12 15:06:43,326 [INFO] PluginManager:220 - loadIPPluginJar : add touchsensing
2024-09-12 15:06:43,366 [INFO] IPUIPlugin:80 - create IPUIPlugin
2024-09-12 15:06:43,366 [INFO] PluginManager:220 - loadIPPluginJar : add tracer_emb
2024-09-12 15:06:43,394 [INFO] IPUIPlugin:80 - create IPUIPlugin
2024-09-12 15:06:43,394 [INFO] PluginManager:220 - loadIPPluginJar : add ts
2024-09-12 15:06:43,414 [INFO] IPUIPlugin:80 - create IPUIPlugin
2024-09-12 15:06:43,414 [INFO] PluginManager:220 - loadIPPluginJar : add tsc
2024-09-12 15:06:43,435 [INFO] IPUIPlugin:80 - create IPUIPlugin
2024-09-12 15:06:43,435 [INFO] PluginManager:220 - loadIPPluginJar : add ucpd
2024-09-12 15:06:43,477 [INFO] IPUIPlugin:80 - create IPUIPlugin
2024-09-12 15:06:43,477 [INFO] PluginManager:220 - loadIPPluginJar : add usart
2024-09-12 15:06:43,517 [INFO] IPUIPlugin:80 - create IPUIPlugin
2024-09-12 15:06:43,518 [INFO] PluginManager:220 - loadIPPluginJar : add usbx
2024-09-12 15:06:43,641 [INFO] CADModel:165 - CPN selected for project level
2024-09-12 15:06:43,641 [INFO] CADModel:114 - Register for checkConnection events
2024-09-12 15:06:43,642 [FATAL] Updater:334 - Updater called before beeing initialized
2024-09-12 15:06:43,642 [ERROR] CADModel:125 - Updater not yet initialized, retry later 
2024-09-12 15:06:43,909 [INFO] CADModel:165 - CPN selected for project level
2024-09-12 15:06:43,909 [INFO] CADModel:114 - Register for checkConnection events
2024-09-12 15:06:43,909 [FATAL] Updater:334 - Updater called before beeing initialized
2024-09-12 15:06:43,909 [ERROR] CADModel:125 - Updater not yet initialized, retry later 
2024-09-12 15:06:43,911 [FATAL] Updater:334 - Updater called before beeing initialized
2024-09-12 15:06:44,017 [FATAL] Updater:334 - Updater called before beeing initialized
2024-09-12 15:06:44,027 [INFO] DbMcusAds:53 - JSON generation date=Thu May 16 16:22:00 ICT 2024 (1715851320667)
2024-09-12 15:06:44,027 [FATAL] Updater:334 - Updater called before beeing initialized
2024-09-12 15:06:44,061 [WARN] DetailPanel:346 - Failed to get advertising image, set to default
2024-09-12 15:06:44,070 [INFO] ThirdPartyUpdaterWithRetryManager:70 - Updater plugin not ready yet. [2/15]
2024-09-12 15:06:44,142 [FATAL] Updater:334 - Updater called before beeing initialized
2024-09-12 15:06:44,145 [FATAL] Updater:334 - Updater called before beeing initialized
2024-09-12 15:06:44,145 [FATAL] Updater:334 - Updater called before beeing initialized
2024-09-12 15:06:44,146 [WARN] DetailPanel:346 - Failed to get advertising image, set to default
2024-09-12 15:06:44,147 [FATAL] Updater:334 - Updater called before beeing initialized
2024-09-12 15:06:44,231 [ERROR] Updater:1164 - MainUpdater not yet initialized. External WinMGr cannot be set.
2024-09-12 15:06:44,246 [INFO] Updater:1100 - Updater Version found : 6.12.0
2024-09-12 15:06:44,269 [INFO] ApplicationProperties:184 - Using Application install path: C:\ST\STM32CubeIDE_1.16.0\STM32CubeIDE\plugins\com.st.stm32cube.common.mx_6.12.0.202406281431
2024-09-12 15:06:45,892 [ERROR] LogOutputStream:75 - [STDERR_REDIRECT] Sep 12, 2024 3:06:45 PM java.util.prefs.WindowsPreferences <init>
2024-09-12 15:06:45,899 [ERROR] LogOutputStream:75 - [STDERR_REDIRECT] WARNING: Could not open/create prefs root node Software\JavaSoft\Prefs at root 0xffffffff80000002. Windows RegCreateKeyEx(...) returned error code 5.
2024-09-12 15:06:45,899 [ERROR] LogOutputStream:75 - [STDERR_REDIRECT] 
2024-09-12 15:06:46,522 [INFO] MainUpdater:2873 - connection check result : 10
2024-09-12 15:06:46,524 [INFO] MainUpdater:290 - Updater Check For Update Now.
2024-09-12 15:06:46,525 [INFO] MicroXplorer:498 - Change Database Version : DB.6.0.120
2024-09-12 15:06:46,603 [INFO] McuFinderGlobals:63 - Set McuFinder mode to 2 (CubeIDE integrated)
2024-09-12 15:06:46,644 [INFO] UserAuth:417 - Internet connection configuration mode: 1
2024-09-12 15:06:46,705 [INFO] JxBrowserEngine:152 - Initiate JxBrowser Engine with user profile folder
2024-09-12 15:06:46,903 [INFO] CheckServerUpdateThread:120 - End of CheckServer Thread
2024-09-12 15:06:47,267 [WARN] PackLoader:240 - Cannot read IP mode file for STMicroelectronics.FP-SNS-MOTENVWB1.1.4.0
2024-09-12 15:06:47,284 [WARN] PackLoader:240 - Cannot read IP mode file for STMicroelectronics.X-CUBE-SMBUS.2.1.0
2024-09-12 15:06:47,299 [WARN] PackLoader:240 - Cannot read IP mode file for STMicroelectronics.X-CUBE-TOUCHGFX.4.23.0
2024-09-12 15:06:47,311 [WARN] PackLoader:240 - Cannot read IP mode file for STMicroelectronics.X-CUBE-TOUCHGFX.4.23.2
2024-09-12 15:06:47,350 [WARN] PackLoader:240 - Cannot read IP mode file for STMicroelectronics.X-CUBE-AZRTOS-F7.1.1.0
2024-09-12 15:06:47,372 [WARN] PackLoader:240 - Cannot read IP mode file for STMicroelectronics.FP-SNS-MOTENV1.4.3.2
2024-09-12 15:06:47,457 [WARN] PackLoader:240 - Cannot read IP mode file for STMicroelectronics.X-CUBE-MEMS1.11.0.0
2024-09-12 15:06:47,595 [WARN] PackLoader:240 - Cannot read IP mode file for STMicroelectronics.FP-SNS-FLIGHT1.5.0.2
2024-09-12 15:06:47,609 [WARN] PackLoader:240 - Cannot read IP mode file for STMicroelectronics.X-CUBE-DISPLAY.3.0.0
2024-09-12 15:06:47,626 [WARN] PackLoader:240 - Cannot read IP mode file for STMicroelectronics.X-CUBE-BLE1.7.0.0
2024-09-12 15:06:47,641 [WARN] PackLoader:240 - Cannot read IP mode file for emotas.I-CUBE-CANOPEN.1.3.0
2024-09-12 15:06:47,658 [WARN] PackLoader:240 - Cannot read IP mode file for STMicroelectronics.X-CUBE-BLEMGR.3.1.0
2024-09-12 15:06:47,673 [WARN] PackLoader:240 - Cannot read IP mode file for STMicroelectronics.FP-SNS-SMARTAG2.1.2.0
2024-09-12 15:06:47,694 [INFO] LogOutputStream:77 - [STDOUT_REDIRECT] 1 : Invalid condition id : UX_CORESTACK_Condition cause : null
2024-09-12 15:06:47,695 [INFO] LogOutputStream:77 - [STDOUT_REDIRECT] 1 : Invalid condition id : UX_CORESTACK_Condition cause : null
2024-09-12 15:06:47,696 [INFO] LogOutputStream:77 - [STDOUT_REDIRECT] 1 : Invalid condition id : UX_CORESTACK_Condition cause : null
2024-09-12 15:06:47,696 [INFO] LogOutputStream:77 - [STDOUT_REDIRECT] 1 : Invalid condition id : UX_CORESTACK_Condition cause : null
2024-09-12 15:06:47,697 [INFO] LogOutputStream:77 - [STDOUT_REDIRECT] 1 : Invalid condition id : UX_CORESTACK_Condition cause : null
2024-09-12 15:06:47,699 [WARN] PackLoader:240 - Cannot read IP mode file for STMicroelectronics.X-CUBE-AZRTOS-WL.2.0.0
2024-09-12 15:06:47,715 [WARN] PackLoader:240 - Cannot read IP mode file for STMicroelectronics.FP-SNS-MOTENV1.5.0.0
2024-09-12 15:06:47,729 [WARN] PackLoader:240 - Cannot read IP mode file for wolfSSL.I-CUBE-wolfMQTT.1.19.0
2024-09-12 15:06:47,744 [WARN] PackLoader:240 - Cannot read IP mode file for WES.I-CUBE-Cesium.1.3.0
2024-09-12 15:06:47,756 [WARN] PackLoader:240 - Cannot read IP mode file for STMicroelectronics.X-CUBE-BLE2.3.3.0
2024-09-12 15:06:47,771 [WARN] PackLoader:240 - Cannot read IP mode file for STMicroelectronics.X-CUBE-TCPP.4.1.0
2024-09-12 15:06:47,785 [WARN] PackLoader:240 - Cannot read IP mode file for STMicroelectronics.X-CUBE-ALGOBUILD.1.3.0
2024-09-12 15:06:47,812 [WARN] PackLoader:240 - Cannot read IP mode file for STMicroelectronics.X-CUBE-AZRTOS-G0.1.1.0
2024-09-12 15:06:47,828 [WARN] PackLoader:240 - Cannot read IP mode file for STMicroelectronics.X-CUBE-SAFEA1.1.2.2
2024-09-12 15:06:47,844 [WARN] PackLoader:240 - Cannot read IP mode file for STMicroelectronics.X-CUBE-NFC4.3.0.0
2024-09-12 15:06:47,856 [WARN] PackLoader:240 - Cannot read IP mode file for wolfSSL.I-CUBE-wolfMQTT.1.18.0
2024-09-12 15:06:47,873 [WARN] PackLoader:240 - Cannot read IP mode file for EmbeddedOffice.I-CUBE-FS-RTOS.1.0.1
2024-09-12 15:06:47,873 [ERROR] ConditionMgr:805 - Attr not supported : Dmpu
2024-09-12 15:06:47,873 [ERROR] ConditionMgr:805 - Attr not supported : Dmpu
2024-09-12 15:06:47,873 [ERROR] ConditionMgr:805 - Attr not supported : Dmpu
2024-09-12 15:06:47,873 [ERROR] ConditionMgr:805 - Attr not supported : Dmpu
2024-09-12 15:06:47,873 [ERROR] ConditionMgr:805 - Attr not supported : Dmpu
2024-09-12 15:06:47,873 [ERROR] ConditionMgr:805 - Attr not supported : Dmpu
2024-09-12 15:06:47,873 [ERROR] ConditionMgr:805 - Attr not supported : Dmpu
2024-09-12 15:06:47,873 [ERROR] ConditionMgr:805 - Attr not supported : Dmpu
2024-09-12 15:06:47,874 [ERROR] ConditionMgr:805 - Attr not supported : Dmpu
2024-09-12 15:06:47,874 [ERROR] ConditionMgr:805 - Attr not supported : Dmpu
2024-09-12 15:06:47,874 [ERROR] ConditionMgr:805 - Attr not supported : Dmpu
2024-09-12 15:06:47,874 [ERROR] ConditionMgr:805 - Attr not supported : Dmpu
2024-09-12 15:06:47,874 [ERROR] ConditionMgr:805 - Attr not supported : Dmpu
2024-09-12 15:06:47,874 [ERROR] ConditionMgr:805 - Attr not supported : Dmpu
2024-09-12 15:06:47,874 [ERROR] ConditionMgr:805 - Attr not supported : Dmpu
2024-09-12 15:06:47,874 [ERROR] ConditionMgr:805 - Attr not supported : Dmpu
2024-09-12 15:06:47,875 [ERROR] ConditionMgr:805 - Attr not supported : Dmpu
2024-09-12 15:06:47,875 [ERROR] ConditionMgr:805 - Attr not supported : Dmpu
2024-09-12 15:06:47,875 [ERROR] ConditionMgr:805 - Attr not supported : Dmpu
2024-09-12 15:06:47,875 [ERROR] ConditionMgr:805 - Attr not supported : Dmpu
2024-09-12 15:06:47,875 [ERROR] ConditionMgr:805 - Attr not supported : Dmpu
2024-09-12 15:06:47,875 [ERROR] ConditionMgr:805 - Attr not supported : Dmpu
2024-09-12 15:06:47,875 [ERROR] ConditionMgr:805 - Attr not supported : Dmpu
2024-09-12 15:06:47,875 [ERROR] ConditionMgr:805 - Attr not supported : Dmpu
2024-09-12 15:06:47,875 [ERROR] ConditionMgr:805 - Attr not supported : Dmpu
2024-09-12 15:06:47,875 [ERROR] ConditionMgr:805 - Attr not supported : Dmpu
2024-09-12 15:06:47,875 [ERROR] ConditionMgr:805 - Attr not supported : Dmpu
2024-09-12 15:06:47,875 [ERROR] ConditionMgr:805 - Attr not supported : Dmpu
2024-09-12 15:06:47,875 [ERROR] ConditionMgr:805 - Attr not supported : Dmpu
2024-09-12 15:06:47,875 [ERROR] ConditionMgr:805 - Attr not supported : Dmpu
2024-09-12 15:06:47,875 [ERROR] ConditionMgr:805 - Attr not supported : Dmpu
2024-09-12 15:06:47,875 [ERROR] ConditionMgr:805 - Attr not supported : Dmpu
2024-09-12 15:06:47,875 [ERROR] ConditionMgr:805 - Attr not supported : Dmpu
2024-09-12 15:06:47,875 [ERROR] ConditionMgr:805 - Attr not supported : Dmpu
2024-09-12 15:06:47,875 [ERROR] ConditionMgr:805 - Attr not supported : Dmpu
2024-09-12 15:06:47,875 [ERROR] ConditionMgr:805 - Attr not supported : Dmpu
2024-09-12 15:06:47,875 [ERROR] ConditionMgr:805 - Attr not supported : Dmpu
2024-09-12 15:06:47,875 [ERROR] ConditionMgr:805 - Attr not supported : Dmpu
2024-09-12 15:06:47,876 [ERROR] ConditionMgr:805 - Attr not supported : Dmpu
2024-09-12 15:06:47,876 [ERROR] ConditionMgr:805 - Attr not supported : Dmpu
2024-09-12 15:06:47,876 [ERROR] ConditionMgr:805 - Attr not supported : Dmpu
2024-09-12 15:06:47,876 [ERROR] ConditionMgr:805 - Attr not supported : Dmpu
2024-09-12 15:06:47,876 [ERROR] ConditionMgr:805 - Attr not supported : Dmpu
2024-09-12 15:06:47,876 [ERROR] ConditionMgr:805 - Attr not supported : Dmpu
2024-09-12 15:06:47,876 [ERROR] ConditionMgr:805 - Attr not supported : Dmpu
2024-09-12 15:06:47,876 [ERROR] ConditionMgr:805 - Attr not supported : Dmpu
2024-09-12 15:06:47,876 [ERROR] ConditionMgr:805 - Attr not supported : Dmpu
2024-09-12 15:06:47,876 [ERROR] ConditionMgr:805 - Attr not supported : Dmpu
2024-09-12 15:06:47,876 [ERROR] ConditionMgr:805 - Attr not supported : Dmpu
2024-09-12 15:06:47,876 [ERROR] ConditionMgr:805 - Attr not supported : Dmpu
2024-09-12 15:06:47,876 [ERROR] ConditionMgr:805 - Attr not supported : Dmpu
2024-09-12 15:06:47,876 [ERROR] ConditionMgr:805 - Attr not supported : Dmpu
2024-09-12 15:06:47,876 [ERROR] ConditionMgr:805 - Attr not supported : Dmpu
2024-09-12 15:06:47,876 [ERROR] ConditionMgr:805 - Attr not supported : Dmpu
2024-09-12 15:06:47,877 [ERROR] ConditionMgr:805 - Attr not supported : Dmpu
2024-09-12 15:06:47,877 [ERROR] ConditionMgr:805 - Attr not supported : Dmpu
2024-09-12 15:06:47,877 [ERROR] ConditionMgr:805 - Attr not supported : Dmpu
2024-09-12 15:06:47,877 [ERROR] ConditionMgr:805 - Attr not supported : Dmpu
2024-09-12 15:06:47,877 [ERROR] ConditionMgr:805 - Attr not supported : Dmpu
2024-09-12 15:06:47,877 [ERROR] ConditionMgr:805 - Attr not supported : Dmpu
2024-09-12 15:06:47,877 [ERROR] ConditionMgr:805 - Attr not supported : Dmpu
2024-09-12 15:06:47,877 [ERROR] ConditionMgr:805 - Attr not supported : Dmpu
2024-09-12 15:06:47,877 [ERROR] ConditionMgr:805 - Attr not supported : Dmpu
2024-09-12 15:06:47,877 [ERROR] ConditionMgr:805 - Attr not supported : Dmpu
2024-09-12 15:06:47,892 [WARN] PackLoader:240 - Cannot read IP mode file for RealThread.X-CUBE-RT-Thread_Nano.4.1.1
2024-09-12 15:06:47,906 [WARN] PackLoader:240 - Cannot read IP mode file for STMicroelectronics.FP-ATR-SIGFOX1.3.2.0
2024-09-12 15:06:47,919 [WARN] PackLoader:240 - Cannot read IP mode file for STMicroelectronics.X-CUBE-EEPRMA1.5.1.0
2024-09-12 15:06:47,958 [WARN] PackLoader:240 - Cannot read IP mode file for SEGGER.I-CUBE-embOS.1.3.1
2024-09-12 15:06:48,020 [WARN] PackLoader:240 - Cannot read IP mode file for STMicroelectronics.X-CUBE-ALGOBUILD.1.4.0
2024-09-12 15:06:48,032 [WARN] PackLoader:240 - Cannot read IP mode file for STMicroelectronics.X-CUBE-GNSS1.6.0.0
2024-09-12 15:06:48,061 [WARN] PackLoader:240 - Cannot read IP mode file for STMicroelectronics.X-CUBE-AZRTOS-F4.1.1.0
2024-09-12 15:06:48,076 [WARN] PackLoader:240 - Cannot read IP mode file for STMicroelectronics.X-CUBE-FREERTOS.1.2.0
2024-09-12 15:06:48,087 [WARN] PackLoader:240 - Cannot read IP mode file for wolfSSL.I-CUBE-wolfSSL.5.6.6
2024-09-12 15:06:48,113 [WARN] PackLoader:240 - Cannot read IP mode file for STMicroelectronics.X-CUBE-AZRTOS-L5.2.0.0
2024-09-12 15:06:48,129 [WARN] PackLoader:240 - Cannot read IP mode file for STMicroelectronics.X-CUBE-NFC6.3.1.0
2024-09-12 15:06:48,144 [WARN] PackLoader:240 - Cannot read IP mode file for ITTIA_DB.I-CUBE-ITTIADB.8.8.0
2024-09-12 15:06:48,157 [WARN] PackLoader:240 - Cannot read IP mode file for STMicroelectronics.X-CUBE-DPower.1.2.0
2024-09-12 15:06:48,171 [WARN] PackLoader:240 - Cannot read IP mode file for STMicroelectronics.X-CUBE-AI.9.0.0
2024-09-12 15:06:48,184 [WARN] PackLoader:240 - Cannot read IP mode file for STMicroelectronics.X-CUBE-NFC7.1.0.1
2024-09-12 15:06:48,198 [WARN] PackLoader:240 - Cannot read IP mode file for wolfSSL.I-CUBE-wolfTPM.3.2.0
2024-09-12 15:06:48,210 [WARN] PackLoader:240 - Cannot read IP mode file for STMicroelectronics.X-CUBE-AI.8.1.0
2024-09-12 15:06:48,239 [WARN] ConditionMgr:438 - getConditionDescription Invalid condition id : LAN8742 Phy interface Condition cause : null
2024-09-12 15:06:48,240 [WARN] PackLoader:240 - Cannot read IP mode file for STMicroelectronics.X-CUBE-AZRTOS-L4.2.0.0
2024-09-12 15:06:48,241 [WARN] ConditionMgr:1039 - genDependencies : Invalid condition id : LAN8742 Phy interface Condition cause : null
2024-09-12 15:06:48,241 [WARN] ConditionMgr:1039 - genDependencies : Invalid condition id : LAN8742 Phy interface Condition cause : null
2024-09-12 15:06:48,242 [WARN] ConditionMgr:1039 - genDependencies : Invalid condition id : LAN8742 Phy interface Condition cause : null
2024-09-12 15:06:48,260 [WARN] PackLoader:240 - Cannot read IP mode file for STMicroelectronics.X-CUBE-SFXS2LP1.4.0.0
2024-09-12 15:06:48,293 [WARN] PackLoader:240 - Cannot read IP mode file for STMicroelectronics.X-CUBE-AZRTOS-H7.3.3.0
2024-09-12 15:06:48,323 [WARN] ConditionMgr:438 - getConditionDescription Invalid condition id : UX DEVICE CLASS RTOS Condition cause : null
2024-09-12 15:06:48,323 [WARN] ConditionMgr:438 - getConditionDescription Invalid condition id : UX DEVICE CLASS RTOS Condition cause : null
2024-09-12 15:06:48,325 [WARN] PackLoader:240 - Cannot read IP mode file for STMicroelectronics.X-CUBE-AZRTOS-WB.2.0.0
2024-09-12 15:06:48,326 [WARN] ConditionMgr:1039 - genDependencies : Invalid condition id : UX DEVICE CLASS RTOS Condition cause : null
2024-09-12 15:06:48,326 [WARN] ConditionMgr:1039 - genDependencies : Invalid condition id : UX DEVICE CLASS RTOS Condition cause : null
2024-09-12 15:06:48,327 [WARN] ConditionMgr:1039 - genDependencies : Invalid condition id : UX DEVICE CLASS RTOS Condition cause : null
2024-09-12 15:06:48,327 [WARN] ConditionMgr:1039 - genDependencies : Invalid condition id : UX DEVICE CLASS RTOS Condition cause : null
2024-09-12 15:06:48,327 [WARN] ConditionMgr:1039 - genDependencies : Invalid condition id : UX DEVICE CLASS RTOS Condition cause : null
2024-09-12 15:06:48,341 [WARN] PackLoader:240 - Cannot read IP mode file for STMicroelectronics.X-CUBE-GNSS1.7.0.0
2024-09-12 15:06:48,359 [WARN] PackLoader:240 - Cannot read IP mode file for STMicroelectronics.FP-SNS-STBOX1.2.0.0
2024-09-12 15:06:48,386 [WARN] PackLoader:240 - Cannot read IP mode file for STMicroelectronics.X-CUBE-SUBG2.5.0.0
2024-09-12 15:06:48,407 [WARN] PackLoader:240 - Cannot read IP mode file for Cesanta.I-CUBE-Mongoose.7.13.0
2024-09-12 15:06:48,431 [WARN] PackLoader:240 - Cannot read IP mode file for STMicroelectronics.X-CUBE-AZRTOS-G4.2.0.0
2024-09-12 15:06:48,454 [WARN] PackLoader:240 - Cannot read IP mode file for Infineon.AIROC-Wi-Fi-Bluetooth-STM32.1.5.1
2024-09-12 15:06:48,467 [WARN] PackLoader:240 - Cannot read IP mode file for STMicroelectronics.FP-SNS-MOTENVWB1.1.3.1
2024-09-12 15:06:48,478 [WARN] PackLoader:240 - Cannot read IP mode file for STMicroelectronics.X-CUBE-ISPU.2.0.0
2024-09-12 15:06:48,490 [WARN] PackLoader:240 - Cannot read IP mode file for STMicroelectronics.X-CUBE-ALS.1.0.2
2024-09-12 15:06:48,538 [WARN] PackLoader:240 - Cannot read IP mode file for STMicroelectronics.X-CUBE-MEMS1.10.0.0
2024-09-12 15:06:48,632 [WARN] PackLoader:240 - Cannot read IP mode file for STMicroelectronics.X-CUBE-FREERTOS.1.1.0
2024-09-12 15:06:48,646 [WARN] PackLoader:240 - Cannot read IP mode file for STMicroelectronics.X-CUBE-TOUCHGFX.4.24.0
2024-09-12 15:06:48,658 [WARN] PackLoader:240 - Cannot read IP mode file for portGmbH.I-Cube-SoM-uGOAL.1.1.0
2024-09-12 15:06:48,670 [WARN] PackLoader:240 - Cannot read IP mode file for STMicroelectronics.X-CUBE-ALS.1.0.1
2024-09-12 15:06:48,695 [WARN] PackLoader:240 - Cannot read IP mode file for STMicroelectronics.X-CUBE-AZRTOS-H7RS.1.0.0
2024-09-12 15:06:48,707 [WARN] PackLoader:240 - Cannot read IP mode file for STMicroelectronics.FP-ATR-ASTRA1.2.0.0
2024-09-12 15:06:48,730 [WARN] PackLoader:240 - Cannot read IP mode file for STMicroelectronics.X-CUBE-TOF1.3.4.2
2024-09-12 15:06:48,755 [WARN] PackLoader:240 - Cannot read IP mode file for STMicroelectronics.X-CUBE-TOF1.3.4.1
2024-09-12 15:06:48,794 [WARN] PackLoader:240 - Cannot read IP mode file for STMicroelectronics.X-CUBE-AZRTOS-H7.3.2.0
2024-09-12 15:06:48,809 [WARN] PackLoader:240 - Cannot read IP mode file for wolfSSL.I-CUBE-wolfSSH.1.4.17
2024-09-12 15:06:48,809 [INFO] ThirdParty:978 - Integrity check success = true
2024-09-12 15:06:48,809 [INFO] IntegrityCheckThread:100 - exiting critical section [integrity check]
2024-09-12 15:06:48,809 [INFO] IntegrityCheckThread:103 - End integrity checks thread
2024-09-12 15:06:49,672 [INFO] WebApp:167 - Instantiating new browser for Auth
2024-09-12 15:06:50,431 [INFO] WebApp:448 - Apply proxy settings
2024-09-12 15:06:50,432 [INFO] WebApp:533 - Chromium requires no authentication
2024-09-12 15:06:50,441 [INFO] WebApp:476 - Direct internet connection detected
2024-09-12 15:06:50,465 [INFO] WebApp:869 - Register for checkConnection events
2024-09-12 15:06:50,465 [INFO] WebApp:448 - Apply proxy settings
2024-09-12 15:06:50,465 [INFO] WebApp:533 - Chromium requires no authentication
2024-09-12 15:06:50,466 [INFO] WebApp:476 - Direct internet connection detected
2024-09-12 15:06:50,649 [INFO] WebApp:220 - Starting web application
2024-09-12 15:06:50,649 [INFO] WebApp:578 - Web application path used C:\ST\STM32CubeIDE_1.16.0\STM32CubeIDE\plugins\com.st.stm32cube.common.mx_6.12.0.202406281431\db\plugins\mcufinder\reactClient1\index.html
2024-09-12 15:06:50,821 [INFO] UserAuth:417 - Internet connection configuration mode: 1
2024-09-12 15:06:52,278 [INFO] WebApp:186 - Connection restablished
2024-09-12 16:18:31,618 [ERROR] LogOutputStream:75 - [STDERR_REDIRECT] 
