2024-09-05 08:05:06,496 [INFO] Activator:176 - 


2024-09-05 08:05:06,506 [INFO] Activator:177 - !SESSION log4j initialized
2024-09-05 08:05:45,506 [INFO] LogOutputStream:77 - [STDOUT_REDIRECT] 
2024-09-05 08:05:49,968 [INFO] ApplicationProperties:184 - Using Application install path: C:\ST\STM32CubeIDE_1.16.0\STM32CubeIDE\plugins\com.st.stm32cube.common.mx_6.12.0.202406281431
2024-09-05 08:05:49,982 [INFO] DbMcusXml:78 - Set database path to: C:\ST\STM32CubeIDE_1.16.0\STM32CubeIDE\plugins\com.st.stm32cube.common.mx_6.12.0.202406281431\\db\/mcu/
2024-09-05 08:05:49,983 [INFO] ApiDb:274 - Set plugin database path to: C:\ST\STM32CubeIDE_1.16.0\STM32CubeIDE\plugins\com.st.stm32cube.common.mx_6.12.0.202406281431\\db\/plugins/boardmanager/
2024-09-05 08:05:49,983 [WARN] ApiDb:259 - Overriding images path with different value:  => C:\ST\STM32CubeIDE_1.16.0\STM32CubeIDE\plugins\com.st.stm32cube.common.mx_6.12.0.202406281431\\db\/plugins/mcufinder/images/
2024-09-05 08:05:49,997 [INFO] ApiDb:250 - Set database path to: C:\Users\OS\.stmcufinder\plugins\mcufinder//mcu/
2024-09-05 08:05:49,998 [INFO] DbMcusAds:125 - Set database path to: C:\Users\OS\.stmcufinder\plugins\mcufinder//mcu/
2024-09-05 08:05:50,651 [INFO] CrossReferenceDbSqlite:203 - Set database path to: C:\Users\OS\.stmcufinder\plugins\mcufinder//mcu/cs/
2024-09-05 08:05:50,754 [INFO] RulesReader:64 - Compatibility file has been processed (297 Rules)
2024-09-05 08:05:50,821 [INFO] DbMcusXml:78 - Set database path to: C:\ST\STM32CubeIDE_1.16.0\STM32CubeIDE\plugins\com.st.stm32cube.common.mx_6.12.0.202406281431\\db\/mcu/
2024-09-05 08:05:50,821 [INFO] ApiDb:274 - Set plugin database path to: C:\ST\STM32CubeIDE_1.16.0\STM32CubeIDE\plugins\com.st.stm32cube.common.mx_6.12.0.202406281431\\db\/plugins/boardmanager/
2024-09-05 08:05:50,821 [INFO] ApiDb:261 - Set plugin images path to: C:\ST\STM32CubeIDE_1.16.0\STM32CubeIDE\plugins\com.st.stm32cube.common.mx_6.12.0.202406281431\\db\/plugins/mcufinder/images/
2024-09-05 08:05:50,822 [WARN] DbFile:41 - Overriding database path with different value: C:\Users\OS\.stmcufinder\plugins\mcufinder/ => C:\Users\OS\.stmcufinder\plugins\mcufinder
2024-09-05 08:05:50,822 [INFO] ApiDb:250 - Set database path to: C:\Users\OS\.stmcufinder\plugins\mcufinder//mcu/
2024-09-05 08:05:50,822 [WARN] DbFile:41 - Overriding database path with different value: C:\Users\OS\.stmcufinder\plugins\mcufinder/ => C:\Users\OS\.stmcufinder\plugins\mcufinder
2024-09-05 08:05:50,822 [INFO] DbMcusAds:125 - Set database path to: C:\Users\OS\.stmcufinder\plugins\mcufinder//mcu/
2024-09-05 08:05:50,822 [WARN] DbFile:41 - Overriding database path with different value: C:\Users\OS\.stmcufinder\plugins\mcufinder/ => C:\Users\OS\.stmcufinder\plugins\mcufinder
2024-09-05 08:05:50,822 [WARN] DbFile:41 - Overriding database path with different value: C:\Users\OS\.stmcufinder\plugins\mcufinder/ => C:\Users\OS\.stmcufinder\plugins\mcufinder
2024-09-05 08:05:51,651 [INFO] CrossReferenceDbSqlite:203 - Set database path to: C:\Users\OS\.stmcufinder\plugins\mcufinder//mcu/cs/
2024-09-05 08:05:51,728 [INFO] MainPanel:268 - HeapMemory: 268435456
2024-09-05 08:05:51,835 [INFO] DbMcusXml:78 - Set database path to: C:\ST\STM32CubeIDE_1.16.0\STM32CubeIDE\plugins\com.st.stm32cube.common.mx_6.12.0.202406281431\\db\/mcu/
2024-09-05 08:05:51,835 [INFO] ApiDb:274 - Set plugin database path to: C:\ST\STM32CubeIDE_1.16.0\STM32CubeIDE\plugins\com.st.stm32cube.common.mx_6.12.0.202406281431\\db\/plugins/boardmanager/
2024-09-05 08:05:51,835 [INFO] ApiDb:261 - Set plugin images path to: C:\ST\STM32CubeIDE_1.16.0\STM32CubeIDE\plugins\com.st.stm32cube.common.mx_6.12.0.202406281431\\db\/plugins/mcufinder/images/
2024-09-05 08:05:51,835 [WARN] DbFile:41 - Overriding database path with different value: C:\Users\OS\.stmcufinder\plugins\mcufinder/ => C:\Users\OS\.stmcufinder\plugins\mcufinder
2024-09-05 08:05:51,835 [INFO] ApiDb:250 - Set database path to: C:\Users\OS\.stmcufinder\plugins\mcufinder//mcu/
2024-09-05 08:05:51,835 [WARN] DbFile:41 - Overriding database path with different value: C:\Users\OS\.stmcufinder\plugins\mcufinder/ => C:\Users\OS\.stmcufinder\plugins\mcufinder
2024-09-05 08:05:51,835 [INFO] DbMcusAds:125 - Set database path to: C:\Users\OS\.stmcufinder\plugins\mcufinder//mcu/
2024-09-05 08:05:51,836 [WARN] DbFile:41 - Overriding database path with different value: C:\Users\OS\.stmcufinder\plugins\mcufinder/ => C:\Users\OS\.stmcufinder\plugins\mcufinder
2024-09-05 08:05:51,836 [WARN] DbFile:41 - Overriding database path with different value: C:\Users\OS\.stmcufinder\plugins\mcufinder/ => C:\Users\OS\.stmcufinder\plugins\mcufinder
2024-09-05 08:05:52,651 [INFO] CrossReferenceDbSqlite:203 - Set database path to: C:\Users\OS\.stmcufinder\plugins\mcufinder//mcu/cs/
2024-09-05 08:05:52,672 [INFO] ApplicationProperties:184 - Using Application install path: C:\ST\STM32CubeIDE_1.16.0\STM32CubeIDE\plugins\com.st.stm32cube.common.mx_6.12.0.202406281431
2024-09-05 08:05:52,673 [INFO] PluginManage:196 - Search for loadable plugins [exclusion list=, ]
2024-09-05 08:05:52,674 [INFO] PluginManage:310 - Check plugin analytics
2024-09-05 08:05:53,715 [INFO] AnalyticsPlugin:253 - Accepted Software Licenses: STM32CubeMX.6.10.0
2024-09-05 08:05:53,715 [INFO] AnalyticsPlugin:255 - Accepted CMSIS Pack Licenses: 
2024-09-05 08:05:53,715 [INFO] AnalyticsPlugin:257 - Accepted Firmware Licenses: FW.F4.1.28.0
2024-09-05 08:05:53,718 [INFO] PluginManage:359 - Loaded plugin analytics (category:tool,tabindex:-1)
2024-09-05 08:05:53,718 [INFO] PluginManage:310 - Check plugin cadmodel
2024-09-05 08:05:53,729 [INFO] CADModel:105 - Init CAD model plugin
2024-09-05 08:05:53,730 [INFO] PluginManage:359 - Loaded plugin cadmodel (category:power,tabindex:5)
2024-09-05 08:05:53,730 [INFO] PluginManage:310 - Check plugin clock
2024-09-05 08:05:53,744 [INFO] PluginManage:359 - Loaded plugin clock (category:base,tabindex:2)
2024-09-05 08:05:53,744 [INFO] PluginManage:310 - Check plugin ddr
2024-09-05 08:05:53,746 [INFO] PluginManage:359 - Loaded plugin ddr (category:tool,tabindex:6)
2024-09-05 08:05:53,746 [INFO] PluginManage:310 - Check plugin filemanager
2024-09-05 08:05:53,865 [INFO] PluginManage:359 - Loaded plugin filemanager (category:base,tabindex:10)
2024-09-05 08:05:53,865 [INFO] PluginManage:310 - Check plugin ipmanager
2024-09-05 08:05:53,871 [INFO] PluginManage:359 - Loaded plugin ipmanager (category:base,tabindex:5)
2024-09-05 08:05:53,871 [INFO] PluginManage:310 - Check plugin lpbam
2024-09-05 08:05:53,897 [INFO] PluginManage:359 - Loaded plugin lpbam (category:base,tabindex:0)
2024-09-05 08:05:53,897 [INFO] PluginManage:310 - Check plugin memorymap
2024-09-05 08:05:53,917 [INFO] PluginManage:359 - Loaded plugin memorymap (category:base,tabindex:4)
2024-09-05 08:05:53,917 [INFO] PluginManage:310 - Check plugin pinoutandconfiguration
2024-09-05 08:05:53,932 [INFO] PluginManage:359 - Loaded plugin pinoutandconfiguration (category:base,tabindex:1)
2024-09-05 08:05:53,932 [INFO] PluginManage:310 - Check plugin pinoutconfig
2024-09-05 08:05:54,024 [WARN] SupportedApi:132 - Cannot load RTOS API schema: s4s-elt-must-match.1: The content of 'definitions' must match (annotation?, (simpleType | complexType)?, (unique | key | keyref)*)). A problem was found starting at: attribute.
2024-09-05 08:05:54,138 [INFO] PluginManage:359 - Loaded plugin pinoutconfig (category:base,tabindex:0)
2024-09-05 08:05:54,138 [INFO] PluginManage:310 - Check plugin power
2024-09-05 08:05:54,154 [INFO] PluginManage:359 - Loaded plugin power (category:power,tabindex:4)
2024-09-05 08:05:54,155 [INFO] PluginManage:310 - Check plugin projectmanager
2024-09-05 08:05:54,169 [INFO] PluginManage:359 - Loaded plugin projectmanager (category:projectmanager,tabindex:4)
2024-09-05 08:05:54,169 [INFO] PluginManage:310 - Check plugin rif
2024-09-05 08:05:54,182 [INFO] PluginManage:359 - Loaded plugin rif (category:base,tabindex:3)
2024-09-05 08:05:54,183 [INFO] PluginManage:310 - Check plugin thirdparty
2024-09-05 08:05:54,435 [WARN] IntegrityCheckThread:84 - waiting for thirdparty lock release [integrity check]
2024-09-05 08:05:54,435 [INFO] PluginManage:359 - Loaded plugin thirdparty (category:base,tabindex:-1)
2024-09-05 08:05:54,436 [INFO] IntegrityCheckThread:86 - entering critical section [integrity check]
2024-09-05 08:05:54,436 [INFO] PluginManage:310 - Check plugin tools
2024-09-05 08:05:54,436 [INFO] ThirdPartyUpdaterWithRetryManager:70 - Updater plugin not ready yet. [1/15]
2024-09-05 08:05:54,467 [INFO] PluginManage:359 - Loaded plugin tools (category:base,tabindex:7)
2024-09-05 08:05:54,467 [INFO] PluginManage:310 - Check plugin tutovideos
2024-09-05 08:05:54,646 [INFO] PluginManage:359 - Loaded plugin tutovideos (category:base,tabindex:-1)
2024-09-05 08:05:54,647 [INFO] PluginManage:310 - Check plugin updater
2024-09-05 08:05:54,660 [INFO] PluginManage:359 - Loaded plugin updater (category:base,tabindex:12)
2024-09-05 08:05:54,660 [INFO] PluginManage:310 - Check plugin userauth
2024-09-05 08:05:54,666 [INFO] UserAuth:113 - Init User Auth plugin
2024-09-05 08:05:54,666 [INFO] PluginManage:359 - Loaded plugin userauth (category:base,tabindex:14)
2024-09-05 08:05:54,666 [INFO] PluginManage:283 - PluginManage : Loaded plugins [18]
2024-09-05 08:05:54,850 [INFO] PinOutPanel:1561 - setPackage(No Configuration,No Configuration)
2024-09-05 08:05:54,926 [INFO] CADModel:165 - CPN selected for project level
2024-09-05 08:05:54,926 [INFO] CADModel:114 - Register for checkConnection events
2024-09-05 08:05:54,947 [INFO] IPUIPlugin:80 - create IPUIPlugin
2024-09-05 08:05:54,947 [INFO] PluginManager:220 - loadIPPluginJar : add adc
2024-09-05 08:05:54,977 [INFO] IPUIPlugin:80 - create IPUIPlugin
2024-09-05 08:05:54,977 [INFO] PluginManager:220 - loadIPPluginJar : add aes
2024-09-05 08:05:55,011 [INFO] IPUIPlugin:80 - create IPUIPlugin
2024-09-05 08:05:55,012 [INFO] PluginManager:220 - loadIPPluginJar : add can
2024-09-05 08:05:55,032 [INFO] IPUIPlugin:80 - create IPUIPlugin
2024-09-05 08:05:55,032 [INFO] PluginManager:220 - loadIPPluginJar : add comp
2024-09-05 08:05:55,060 [INFO] IPUIPlugin:80 - create IPUIPlugin
2024-09-05 08:05:55,060 [INFO] PluginManager:220 - loadIPPluginJar : add cryp
2024-09-05 08:05:55,070 [INFO] IPUIPlugin:80 - create IPUIPlugin
2024-09-05 08:05:55,070 [INFO] PluginManager:220 - loadIPPluginJar : add ddr_ctrl_phy
2024-09-05 08:05:55,096 [INFO] IPUIPlugin:80 - create IPUIPlugin
2024-09-05 08:05:55,096 [INFO] PluginManager:220 - loadIPPluginJar : add dfsdm
2024-09-05 08:05:55,107 [INFO] IPUIPlugin:80 - create IPUIPlugin
2024-09-05 08:05:55,108 [INFO] PluginManager:220 - loadIPPluginJar : add dma
2024-09-05 08:05:55,143 [INFO] IPUIPlugin:80 - create IPUIPlugin
2024-09-05 08:05:55,143 [INFO] PluginManager:220 - loadIPPluginJar : add dma3
2024-09-05 08:05:55,181 [INFO] IPUIPlugin:80 - create IPUIPlugin
2024-09-05 08:05:55,181 [INFO] PluginManager:220 - loadIPPluginJar : add extmemmanager
2024-09-05 08:05:55,201 [INFO] IPUIPlugin:80 - create IPUIPlugin
2024-09-05 08:05:55,201 [INFO] PluginManager:220 - loadIPPluginJar : add fatfs
2024-09-05 08:05:55,240 [INFO] IPUIPlugin:80 - create IPUIPlugin
2024-09-05 08:05:55,240 [INFO] PluginManager:220 - loadIPPluginJar : add fmc
2024-09-05 08:05:55,252 [INFO] IPUIPlugin:80 - create IPUIPlugin
2024-09-05 08:05:55,252 [INFO] PluginManager:220 - loadIPPluginJar : add freertos
2024-09-05 08:05:55,269 [INFO] IPUIPlugin:80 - create IPUIPlugin
2024-09-05 08:05:55,270 [INFO] PluginManager:220 - loadIPPluginJar : add genericplugin
2024-09-05 08:05:55,346 [INFO] IPUIPlugin:80 - create IPUIPlugin
2024-09-05 08:05:55,346 [INFO] PluginManager:220 - loadIPPluginJar : add gfxmmu
2024-09-05 08:05:55,449 [INFO] IPUIPlugin:80 - create IPUIPlugin
2024-09-05 08:05:55,450 [INFO] PluginManager:220 - loadIPPluginJar : add gic
2024-09-05 08:05:55,461 [INFO] IPUIPlugin:80 - create IPUIPlugin
2024-09-05 08:05:55,461 [INFO] PluginManager:220 - loadIPPluginJar : add gpio
2024-09-05 08:05:55,536 [INFO] IPUIPlugin:80 - create IPUIPlugin
2024-09-05 08:05:55,536 [INFO] PluginManager:220 - loadIPPluginJar : add gtzc
2024-09-05 08:05:55,564 [INFO] IPUIPlugin:80 - create IPUIPlugin
2024-09-05 08:05:55,564 [INFO] PluginManager:220 - loadIPPluginJar : add hash
2024-09-05 08:05:55,610 [INFO] IPUIPlugin:80 - create IPUIPlugin
2024-09-05 08:05:55,611 [INFO] PluginManager:220 - loadIPPluginJar : add i2c
2024-09-05 08:05:55,642 [INFO] IPUIPlugin:80 - create IPUIPlugin
2024-09-05 08:05:55,642 [INFO] PluginManager:220 - loadIPPluginJar : add i2s
2024-09-05 08:05:55,677 [INFO] IPUIPlugin:80 - create IPUIPlugin
2024-09-05 08:05:55,677 [INFO] PluginManager:220 - loadIPPluginJar : add i3c
2024-09-05 08:05:55,763 [INFO] IPUIPlugin:80 - create IPUIPlugin
2024-09-05 08:05:55,764 [INFO] PluginManager:220 - loadIPPluginJar : add ipddr
2024-09-05 08:05:55,838 [INFO] IPUIPlugin:80 - create IPUIPlugin
2024-09-05 08:05:55,838 [INFO] PluginManager:220 - loadIPPluginJar : add linkedlist
2024-09-05 08:05:55,867 [INFO] IPUIPlugin:80 - create IPUIPlugin
2024-09-05 08:05:55,867 [INFO] PluginManager:220 - loadIPPluginJar : add lorawan
2024-09-05 08:05:55,900 [INFO] IPUIPlugin:80 - create IPUIPlugin
2024-09-05 08:05:55,900 [INFO] PluginManager:220 - loadIPPluginJar : add ltdc
2024-09-05 08:05:55,912 [INFO] IPUIPlugin:80 - create IPUIPlugin
2024-09-05 08:05:55,912 [INFO] PluginManager:220 - loadIPPluginJar : add mdma
2024-09-05 08:05:55,923 [INFO] IPUIPlugin:80 - create IPUIPlugin
2024-09-05 08:05:55,923 [INFO] PluginManager:220 - loadIPPluginJar : add nvic
2024-09-05 08:05:55,956 [INFO] IPUIPlugin:80 - create IPUIPlugin
2024-09-05 08:05:55,956 [INFO] PluginManager:220 - loadIPPluginJar : add opamp
2024-09-05 08:05:56,010 [INFO] IPUIPlugin:80 - create IPUIPlugin
2024-09-05 08:05:56,010 [INFO] PluginManager:220 - loadIPPluginJar : add openamp
2024-09-05 08:05:56,045 [INFO] IPUIPlugin:80 - create IPUIPlugin
2024-09-05 08:05:56,045 [INFO] PluginManager:220 - loadIPPluginJar : add pdm2pcm
2024-09-05 08:05:56,057 [INFO] IPUIPlugin:80 - create IPUIPlugin
2024-09-05 08:05:56,059 [INFO] PluginManager:220 - loadIPPluginJar : add plateformsettings
2024-09-05 08:05:56,079 [INFO] IPUIPlugin:80 - create IPUIPlugin
2024-09-05 08:05:56,079 [INFO] PluginManager:220 - loadIPPluginJar : add quadspi
2024-09-05 08:05:56,101 [INFO] IPUIPlugin:80 - create IPUIPlugin
2024-09-05 08:05:56,101 [INFO] PluginManager:220 - loadIPPluginJar : add radio
2024-09-05 08:05:56,112 [INFO] IPUIPlugin:80 - create IPUIPlugin
2024-09-05 08:05:56,112 [INFO] PluginManager:220 - loadIPPluginJar : add resmgrutility
2024-09-05 08:05:56,152 [INFO] IPUIPlugin:80 - create IPUIPlugin
2024-09-05 08:05:56,152 [INFO] PluginManager:220 - loadIPPluginJar : add sai
2024-09-05 08:05:56,183 [INFO] IPUIPlugin:80 - create IPUIPlugin
2024-09-05 08:05:56,183 [INFO] PluginManager:220 - loadIPPluginJar : add spi
2024-09-05 08:05:56,241 [INFO] IPUIPlugin:80 - create IPUIPlugin
2024-09-05 08:05:56,241 [INFO] PluginManager:220 - loadIPPluginJar : add stm32_wpan
2024-09-05 08:05:56,260 [INFO] IPUIPlugin:80 - create IPUIPlugin
2024-09-05 08:05:56,260 [INFO] PluginManager:220 - loadIPPluginJar : add tim
2024-09-05 08:05:56,310 [INFO] IPUIPlugin:80 - create IPUIPlugin
2024-09-05 08:05:56,310 [INFO] PluginManager:220 - loadIPPluginJar : add touchsensing
2024-09-05 08:05:56,328 [INFO] IPUIPlugin:80 - create IPUIPlugin
2024-09-05 08:05:56,328 [INFO] PluginManager:220 - loadIPPluginJar : add tracer_emb
2024-09-05 08:05:56,348 [INFO] IPUIPlugin:80 - create IPUIPlugin
2024-09-05 08:05:56,348 [INFO] PluginManager:220 - loadIPPluginJar : add ts
2024-09-05 08:05:56,366 [INFO] IPUIPlugin:80 - create IPUIPlugin
2024-09-05 08:05:56,366 [INFO] PluginManager:220 - loadIPPluginJar : add tsc
2024-09-05 08:05:56,385 [INFO] IPUIPlugin:80 - create IPUIPlugin
2024-09-05 08:05:56,385 [INFO] PluginManager:220 - loadIPPluginJar : add ucpd
2024-09-05 08:05:56,425 [INFO] IPUIPlugin:80 - create IPUIPlugin
2024-09-05 08:05:56,425 [INFO] PluginManager:220 - loadIPPluginJar : add usart
2024-09-05 08:05:56,462 [INFO] IPUIPlugin:80 - create IPUIPlugin
2024-09-05 08:05:56,462 [INFO] PluginManager:220 - loadIPPluginJar : add usbx
2024-09-05 08:05:56,582 [INFO] CADModel:165 - CPN selected for project level
2024-09-05 08:05:56,582 [INFO] CADModel:114 - Register for checkConnection events
2024-09-05 08:05:56,582 [FATAL] Updater:334 - Updater called before beeing initialized
2024-09-05 08:05:56,582 [ERROR] CADModel:125 - Updater not yet initialized, retry later 
2024-09-05 08:05:56,695 [INFO] CADModel:165 - CPN selected for project level
2024-09-05 08:05:56,695 [INFO] CADModel:114 - Register for checkConnection events
2024-09-05 08:05:56,695 [FATAL] Updater:334 - Updater called before beeing initialized
2024-09-05 08:05:56,695 [ERROR] CADModel:125 - Updater not yet initialized, retry later 
2024-09-05 08:05:56,698 [FATAL] Updater:334 - Updater called before beeing initialized
2024-09-05 08:05:56,787 [FATAL] Updater:334 - Updater called before beeing initialized
2024-09-05 08:05:56,795 [INFO] DbMcusAds:53 - JSON generation date=Thu May 16 16:22:00 ICT 2024 (1715851320667)
2024-09-05 08:05:56,796 [FATAL] Updater:334 - Updater called before beeing initialized
2024-09-05 08:05:56,837 [WARN] DetailPanel:346 - Failed to get advertising image, set to default
2024-09-05 08:05:56,910 [FATAL] Updater:334 - Updater called before beeing initialized
2024-09-05 08:05:56,912 [FATAL] Updater:334 - Updater called before beeing initialized
2024-09-05 08:05:56,912 [FATAL] Updater:334 - Updater called before beeing initialized
2024-09-05 08:05:56,913 [WARN] DetailPanel:346 - Failed to get advertising image, set to default
2024-09-05 08:05:56,913 [FATAL] Updater:334 - Updater called before beeing initialized
2024-09-05 08:05:56,970 [ERROR] Updater:1164 - MainUpdater not yet initialized. External WinMGr cannot be set.
2024-09-05 08:05:56,981 [INFO] Updater:1100 - Updater Version found : 6.12.0
2024-09-05 08:05:56,998 [INFO] ApplicationProperties:184 - Using Application install path: C:\ST\STM32CubeIDE_1.16.0\STM32CubeIDE\plugins\com.st.stm32cube.common.mx_6.12.0.202406281431
2024-09-05 08:05:57,438 [INFO] ThirdPartyUpdaterWithRetryManager:70 - Updater plugin not ready yet. [2/15]
2024-09-05 08:05:58,572 [ERROR] LogOutputStream:75 - [STDERR_REDIRECT] Sep 05, 2024 8:05:58 AM java.util.prefs.WindowsPreferences <init>
2024-09-05 08:05:58,573 [ERROR] LogOutputStream:75 - [STDERR_REDIRECT] WARNING: Could not open/create prefs root node Software\JavaSoft\Prefs at root 0xffffffff80000002. Windows RegCreateKeyEx(...) returned error code 5.
2024-09-05 08:05:58,573 [ERROR] LogOutputStream:75 - [STDERR_REDIRECT] 
2024-09-05 08:05:59,072 [INFO] MainUpdater:2873 - connection check result : 10
2024-09-05 08:05:59,072 [INFO] MainUpdater:3567 - Updater definition file requires update
2024-09-05 08:05:59,073 [INFO] MainUpdater:290 - Updater Check For Update Now.
2024-09-05 08:05:59,073 [INFO] MicroXplorer:498 - Change Database Version : DB.6.0.120
2024-09-05 08:05:59,091 [INFO] McuFinderGlobals:63 - Set McuFinder mode to 2 (CubeIDE integrated)
2024-09-05 08:05:59,096 [INFO] UserAuth:417 - Internet connection configuration mode: 1
2024-09-05 08:05:59,124 [INFO] JxBrowserEngine:152 - Initiate JxBrowser Engine with user profile folder
2024-09-05 08:06:00,439 [WARN] MainUpdater:1194 - Updater busy. Cannot search thirdparties
2024-09-05 08:06:00,439 [INFO] ThirdPartyUpdaterWithRetryManager:96 - Updater plugin is busy. [1/15]
2024-09-05 08:06:01,300 [INFO] WebApp:167 - Instantiating new browser for Auth
2024-09-05 08:06:02,052 [INFO] WebApp:448 - Apply proxy settings
2024-09-05 08:06:02,053 [INFO] WebApp:533 - Chromium requires no authentication
2024-09-05 08:06:02,066 [INFO] WebApp:476 - Direct internet connection detected
2024-09-05 08:06:02,107 [INFO] WebApp:869 - Register for checkConnection events
2024-09-05 08:06:02,107 [INFO] WebApp:448 - Apply proxy settings
2024-09-05 08:06:02,107 [INFO] WebApp:533 - Chromium requires no authentication
2024-09-05 08:06:02,108 [INFO] WebApp:476 - Direct internet connection detected
2024-09-05 08:06:02,277 [INFO] WebApp:220 - Starting web application
2024-09-05 08:06:02,277 [INFO] WebApp:578 - Web application path used C:\ST\STM32CubeIDE_1.16.0\STM32CubeIDE\plugins\com.st.stm32cube.common.mx_6.12.0.202406281431\db\plugins\mcufinder\reactClient1\index.html
2024-09-05 08:06:02,425 [INFO] UserAuth:417 - Internet connection configuration mode: 1
2024-09-05 08:06:03,250 [INFO] WebApp:186 - Connection restablished
2024-09-05 08:06:03,440 [WARN] MainUpdater:1194 - Updater busy. Cannot search thirdparties
2024-09-05 08:06:03,440 [INFO] ThirdPartyUpdaterWithRetryManager:96 - Updater plugin is busy. [2/15]
2024-09-05 08:06:06,441 [WARN] MainUpdater:1194 - Updater busy. Cannot search thirdparties
2024-09-05 08:06:06,441 [INFO] ThirdPartyUpdaterWithRetryManager:96 - Updater plugin is busy. [3/15]
2024-09-05 08:06:09,442 [WARN] MainUpdater:1194 - Updater busy. Cannot search thirdparties
2024-09-05 08:06:09,442 [INFO] ThirdPartyUpdaterWithRetryManager:96 - Updater plugin is busy. [4/15]
2024-09-05 08:06:09,878 [INFO] ServerAccessManage:473 - Download File updaters.zip
2024-09-05 08:06:11,437 [INFO] FileExtend:240 - Unzip File : updaters.zip
2024-09-05 08:06:11,437 [INFO] FileExtend:255 - Standard Zip Deflate
2024-09-05 08:06:12,342 [INFO] ServerAccessManage:473 - Download File PacksControlFlags.xml
2024-09-05 08:06:12,454 [WARN] MainUpdater:1194 - Updater busy. Cannot search thirdparties
2024-09-05 08:06:12,455 [INFO] ThirdPartyUpdaterWithRetryManager:96 - Updater plugin is busy. [5/15]
2024-09-05 08:06:12,586 [INFO] ServerAccessManage:473 - Download File cubemx.pidx
2024-09-05 08:06:12,764 [INFO] LoadServerUpdatesThread:375 - End of LoadServerUpdate Thread
2024-09-05 08:06:12,937 [INFO] CheckServerUpdateThread:120 - End of CheckServer Thread
2024-09-05 08:06:15,697 [WARN] PackLoader:240 - Cannot read IP mode file for STMicroelectronics.FP-SNS-MOTENVWB1.1.4.0
2024-09-05 08:06:15,718 [WARN] PackLoader:240 - Cannot read IP mode file for STMicroelectronics.X-CUBE-SMBUS.2.1.0
2024-09-05 08:06:15,732 [WARN] PackLoader:240 - Cannot read IP mode file for STMicroelectronics.X-CUBE-TOUCHGFX.4.23.0
2024-09-05 08:06:15,744 [WARN] PackLoader:240 - Cannot read IP mode file for STMicroelectronics.X-CUBE-TOUCHGFX.4.23.2
2024-09-05 08:06:15,786 [WARN] PackLoader:240 - Cannot read IP mode file for STMicroelectronics.X-CUBE-AZRTOS-F7.1.1.0
2024-09-05 08:06:15,813 [WARN] PackLoader:240 - Cannot read IP mode file for STMicroelectronics.FP-SNS-MOTENV1.4.3.2
2024-09-05 08:06:15,896 [WARN] PackLoader:240 - Cannot read IP mode file for STMicroelectronics.X-CUBE-MEMS1.11.0.0
2024-09-05 08:06:16,059 [WARN] PackLoader:240 - Cannot read IP mode file for STMicroelectronics.FP-SNS-FLIGHT1.5.0.2
2024-09-05 08:06:16,083 [WARN] PackLoader:240 - Cannot read IP mode file for STMicroelectronics.X-CUBE-DISPLAY.3.0.0
2024-09-05 08:06:16,109 [WARN] PackLoader:240 - Cannot read IP mode file for STMicroelectronics.X-CUBE-BLE1.7.0.0
2024-09-05 08:06:16,126 [WARN] PackLoader:240 - Cannot read IP mode file for emotas.I-CUBE-CANOPEN.1.3.0
2024-09-05 08:06:16,146 [WARN] PackLoader:240 - Cannot read IP mode file for STMicroelectronics.X-CUBE-BLEMGR.3.1.0
2024-09-05 08:06:16,168 [WARN] PackLoader:240 - Cannot read IP mode file for STMicroelectronics.FP-SNS-SMARTAG2.1.2.0
2024-09-05 08:06:16,192 [INFO] LogOutputStream:77 - [STDOUT_REDIRECT] 1 : Invalid condition id : UX_CORESTACK_Condition cause : null
2024-09-05 08:06:16,193 [INFO] LogOutputStream:77 - [STDOUT_REDIRECT] 1 : Invalid condition id : UX_CORESTACK_Condition cause : null
2024-09-05 08:06:16,195 [INFO] LogOutputStream:77 - [STDOUT_REDIRECT] 1 : Invalid condition id : UX_CORESTACK_Condition cause : null
2024-09-05 08:06:16,196 [INFO] LogOutputStream:77 - [STDOUT_REDIRECT] 1 : Invalid condition id : UX_CORESTACK_Condition cause : null
2024-09-05 08:06:16,197 [INFO] LogOutputStream:77 - [STDOUT_REDIRECT] 1 : Invalid condition id : UX_CORESTACK_Condition cause : null
2024-09-05 08:06:16,202 [WARN] PackLoader:240 - Cannot read IP mode file for STMicroelectronics.X-CUBE-AZRTOS-WL.2.0.0
2024-09-05 08:06:16,222 [WARN] PackLoader:240 - Cannot read IP mode file for STMicroelectronics.FP-SNS-MOTENV1.5.0.0
2024-09-05 08:06:16,238 [WARN] PackLoader:240 - Cannot read IP mode file for wolfSSL.I-CUBE-wolfMQTT.1.19.0
2024-09-05 08:06:16,258 [WARN] PackLoader:240 - Cannot read IP mode file for WES.I-CUBE-Cesium.1.3.0
2024-09-05 08:06:16,272 [WARN] PackLoader:240 - Cannot read IP mode file for STMicroelectronics.X-CUBE-BLE2.3.3.0
2024-09-05 08:06:16,289 [WARN] PackLoader:240 - Cannot read IP mode file for STMicroelectronics.X-CUBE-TCPP.4.1.0
2024-09-05 08:06:16,309 [WARN] PackLoader:240 - Cannot read IP mode file for STMicroelectronics.X-CUBE-ALGOBUILD.1.3.0
2024-09-05 08:06:16,342 [WARN] PackLoader:240 - Cannot read IP mode file for STMicroelectronics.X-CUBE-AZRTOS-G0.1.1.0
2024-09-05 08:06:16,365 [WARN] PackLoader:240 - Cannot read IP mode file for STMicroelectronics.X-CUBE-SAFEA1.1.2.2
2024-09-05 08:06:16,383 [WARN] PackLoader:240 - Cannot read IP mode file for STMicroelectronics.X-CUBE-NFC4.3.0.0
2024-09-05 08:06:16,398 [WARN] PackLoader:240 - Cannot read IP mode file for wolfSSL.I-CUBE-wolfMQTT.1.18.0
2024-09-05 08:06:16,417 [WARN] PackLoader:240 - Cannot read IP mode file for EmbeddedOffice.I-CUBE-FS-RTOS.1.0.1
2024-09-05 08:06:16,418 [ERROR] ConditionMgr:805 - Attr not supported : Dmpu
2024-09-05 08:06:16,418 [ERROR] ConditionMgr:805 - Attr not supported : Dmpu
2024-09-05 08:06:16,418 [ERROR] ConditionMgr:805 - Attr not supported : Dmpu
2024-09-05 08:06:16,418 [ERROR] ConditionMgr:805 - Attr not supported : Dmpu
2024-09-05 08:06:16,418 [ERROR] ConditionMgr:805 - Attr not supported : Dmpu
2024-09-05 08:06:16,418 [ERROR] ConditionMgr:805 - Attr not supported : Dmpu
2024-09-05 08:06:16,419 [ERROR] ConditionMgr:805 - Attr not supported : Dmpu
2024-09-05 08:06:16,419 [ERROR] ConditionMgr:805 - Attr not supported : Dmpu
2024-09-05 08:06:16,419 [ERROR] ConditionMgr:805 - Attr not supported : Dmpu
2024-09-05 08:06:16,419 [ERROR] ConditionMgr:805 - Attr not supported : Dmpu
2024-09-05 08:06:16,419 [ERROR] ConditionMgr:805 - Attr not supported : Dmpu
2024-09-05 08:06:16,419 [ERROR] ConditionMgr:805 - Attr not supported : Dmpu
2024-09-05 08:06:16,419 [ERROR] ConditionMgr:805 - Attr not supported : Dmpu
2024-09-05 08:06:16,419 [ERROR] ConditionMgr:805 - Attr not supported : Dmpu
2024-09-05 08:06:16,419 [ERROR] ConditionMgr:805 - Attr not supported : Dmpu
2024-09-05 08:06:16,419 [ERROR] ConditionMgr:805 - Attr not supported : Dmpu
2024-09-05 08:06:16,419 [ERROR] ConditionMgr:805 - Attr not supported : Dmpu
2024-09-05 08:06:16,419 [ERROR] ConditionMgr:805 - Attr not supported : Dmpu
2024-09-05 08:06:16,419 [ERROR] ConditionMgr:805 - Attr not supported : Dmpu
2024-09-05 08:06:16,419 [ERROR] ConditionMgr:805 - Attr not supported : Dmpu
2024-09-05 08:06:16,420 [ERROR] ConditionMgr:805 - Attr not supported : Dmpu
2024-09-05 08:06:16,420 [ERROR] ConditionMgr:805 - Attr not supported : Dmpu
2024-09-05 08:06:16,420 [ERROR] ConditionMgr:805 - Attr not supported : Dmpu
2024-09-05 08:06:16,420 [ERROR] ConditionMgr:805 - Attr not supported : Dmpu
2024-09-05 08:06:16,420 [ERROR] ConditionMgr:805 - Attr not supported : Dmpu
2024-09-05 08:06:16,420 [ERROR] ConditionMgr:805 - Attr not supported : Dmpu
2024-09-05 08:06:16,420 [ERROR] ConditionMgr:805 - Attr not supported : Dmpu
2024-09-05 08:06:16,420 [ERROR] ConditionMgr:805 - Attr not supported : Dmpu
2024-09-05 08:06:16,420 [ERROR] ConditionMgr:805 - Attr not supported : Dmpu
2024-09-05 08:06:16,420 [ERROR] ConditionMgr:805 - Attr not supported : Dmpu
2024-09-05 08:06:16,420 [ERROR] ConditionMgr:805 - Attr not supported : Dmpu
2024-09-05 08:06:16,420 [ERROR] ConditionMgr:805 - Attr not supported : Dmpu
2024-09-05 08:06:16,420 [ERROR] ConditionMgr:805 - Attr not supported : Dmpu
2024-09-05 08:06:16,420 [ERROR] ConditionMgr:805 - Attr not supported : Dmpu
2024-09-05 08:06:16,420 [ERROR] ConditionMgr:805 - Attr not supported : Dmpu
2024-09-05 08:06:16,420 [ERROR] ConditionMgr:805 - Attr not supported : Dmpu
2024-09-05 08:06:16,420 [ERROR] ConditionMgr:805 - Attr not supported : Dmpu
2024-09-05 08:06:16,421 [ERROR] ConditionMgr:805 - Attr not supported : Dmpu
2024-09-05 08:06:16,421 [ERROR] ConditionMgr:805 - Attr not supported : Dmpu
2024-09-05 08:06:16,421 [ERROR] ConditionMgr:805 - Attr not supported : Dmpu
2024-09-05 08:06:16,421 [ERROR] ConditionMgr:805 - Attr not supported : Dmpu
2024-09-05 08:06:16,421 [ERROR] ConditionMgr:805 - Attr not supported : Dmpu
2024-09-05 08:06:16,421 [ERROR] ConditionMgr:805 - Attr not supported : Dmpu
2024-09-05 08:06:16,421 [ERROR] ConditionMgr:805 - Attr not supported : Dmpu
2024-09-05 08:06:16,421 [ERROR] ConditionMgr:805 - Attr not supported : Dmpu
2024-09-05 08:06:16,421 [ERROR] ConditionMgr:805 - Attr not supported : Dmpu
2024-09-05 08:06:16,421 [ERROR] ConditionMgr:805 - Attr not supported : Dmpu
2024-09-05 08:06:16,421 [ERROR] ConditionMgr:805 - Attr not supported : Dmpu
2024-09-05 08:06:16,421 [ERROR] ConditionMgr:805 - Attr not supported : Dmpu
2024-09-05 08:06:16,421 [ERROR] ConditionMgr:805 - Attr not supported : Dmpu
2024-09-05 08:06:16,421 [ERROR] ConditionMgr:805 - Attr not supported : Dmpu
2024-09-05 08:06:16,421 [ERROR] ConditionMgr:805 - Attr not supported : Dmpu
2024-09-05 08:06:16,421 [ERROR] ConditionMgr:805 - Attr not supported : Dmpu
2024-09-05 08:06:16,421 [ERROR] ConditionMgr:805 - Attr not supported : Dmpu
2024-09-05 08:06:16,422 [ERROR] ConditionMgr:805 - Attr not supported : Dmpu
2024-09-05 08:06:16,422 [ERROR] ConditionMgr:805 - Attr not supported : Dmpu
2024-09-05 08:06:16,423 [ERROR] ConditionMgr:805 - Attr not supported : Dmpu
2024-09-05 08:06:16,423 [ERROR] ConditionMgr:805 - Attr not supported : Dmpu
2024-09-05 08:06:16,423 [ERROR] ConditionMgr:805 - Attr not supported : Dmpu
2024-09-05 08:06:16,423 [ERROR] ConditionMgr:805 - Attr not supported : Dmpu
2024-09-05 08:06:16,423 [ERROR] ConditionMgr:805 - Attr not supported : Dmpu
2024-09-05 08:06:16,424 [ERROR] ConditionMgr:805 - Attr not supported : Dmpu
2024-09-05 08:06:16,424 [ERROR] ConditionMgr:805 - Attr not supported : Dmpu
2024-09-05 08:06:16,424 [ERROR] ConditionMgr:805 - Attr not supported : Dmpu
2024-09-05 08:06:16,438 [WARN] PackLoader:240 - Cannot read IP mode file for RealThread.X-CUBE-RT-Thread_Nano.4.1.1
2024-09-05 08:06:16,450 [WARN] PackLoader:240 - Cannot read IP mode file for STMicroelectronics.FP-ATR-SIGFOX1.3.2.0
2024-09-05 08:06:16,466 [WARN] PackLoader:240 - Cannot read IP mode file for STMicroelectronics.X-CUBE-EEPRMA1.5.1.0
2024-09-05 08:06:16,516 [WARN] PackLoader:240 - Cannot read IP mode file for SEGGER.I-CUBE-embOS.1.3.1
2024-09-05 08:06:16,562 [WARN] PackLoader:240 - Cannot read IP mode file for STMicroelectronics.X-CUBE-ALGOBUILD.1.4.0
2024-09-05 08:06:16,578 [WARN] PackLoader:240 - Cannot read IP mode file for STMicroelectronics.X-CUBE-GNSS1.6.0.0
2024-09-05 08:06:16,612 [WARN] PackLoader:240 - Cannot read IP mode file for STMicroelectronics.X-CUBE-AZRTOS-F4.1.1.0
2024-09-05 08:06:16,628 [WARN] PackLoader:240 - Cannot read IP mode file for STMicroelectronics.X-CUBE-FREERTOS.1.2.0
2024-09-05 08:06:16,642 [WARN] PackLoader:240 - Cannot read IP mode file for wolfSSL.I-CUBE-wolfSSL.5.6.6
2024-09-05 08:06:16,671 [WARN] PackLoader:240 - Cannot read IP mode file for STMicroelectronics.X-CUBE-AZRTOS-L5.2.0.0
2024-09-05 08:06:16,690 [WARN] PackLoader:240 - Cannot read IP mode file for STMicroelectronics.X-CUBE-NFC6.3.1.0
2024-09-05 08:06:16,710 [WARN] PackLoader:240 - Cannot read IP mode file for ITTIA_DB.I-CUBE-ITTIADB.8.8.0
2024-09-05 08:06:16,728 [WARN] PackLoader:240 - Cannot read IP mode file for STMicroelectronics.X-CUBE-DPower.1.2.0
2024-09-05 08:06:16,744 [WARN] PackLoader:240 - Cannot read IP mode file for STMicroelectronics.X-CUBE-AI.9.0.0
2024-09-05 08:06:16,759 [WARN] PackLoader:240 - Cannot read IP mode file for STMicroelectronics.X-CUBE-NFC7.1.0.1
2024-09-05 08:06:16,775 [WARN] PackLoader:240 - Cannot read IP mode file for wolfSSL.I-CUBE-wolfTPM.3.2.0
2024-09-05 08:06:16,793 [WARN] PackLoader:240 - Cannot read IP mode file for STMicroelectronics.X-CUBE-AI.8.1.0
2024-09-05 08:06:16,832 [WARN] ConditionMgr:438 - getConditionDescription Invalid condition id : LAN8742 Phy interface Condition cause : null
2024-09-05 08:06:16,833 [WARN] PackLoader:240 - Cannot read IP mode file for STMicroelectronics.X-CUBE-AZRTOS-L4.2.0.0
2024-09-05 08:06:16,835 [WARN] ConditionMgr:1039 - genDependencies : Invalid condition id : LAN8742 Phy interface Condition cause : null
2024-09-05 08:06:16,835 [WARN] ConditionMgr:1039 - genDependencies : Invalid condition id : LAN8742 Phy interface Condition cause : null
2024-09-05 08:06:16,836 [WARN] ConditionMgr:1039 - genDependencies : Invalid condition id : LAN8742 Phy interface Condition cause : null
2024-09-05 08:06:16,856 [WARN] PackLoader:240 - Cannot read IP mode file for STMicroelectronics.X-CUBE-SFXS2LP1.4.0.0
2024-09-05 08:06:16,890 [WARN] PackLoader:240 - Cannot read IP mode file for STMicroelectronics.X-CUBE-AZRTOS-H7.3.3.0
2024-09-05 08:06:16,920 [WARN] ConditionMgr:438 - getConditionDescription Invalid condition id : UX DEVICE CLASS RTOS Condition cause : null
2024-09-05 08:06:16,921 [WARN] ConditionMgr:438 - getConditionDescription Invalid condition id : UX DEVICE CLASS RTOS Condition cause : null
2024-09-05 08:06:16,924 [WARN] PackLoader:240 - Cannot read IP mode file for STMicroelectronics.X-CUBE-AZRTOS-WB.2.0.0
2024-09-05 08:06:16,924 [WARN] ConditionMgr:1039 - genDependencies : Invalid condition id : UX DEVICE CLASS RTOS Condition cause : null
2024-09-05 08:06:16,925 [WARN] ConditionMgr:1039 - genDependencies : Invalid condition id : UX DEVICE CLASS RTOS Condition cause : null
2024-09-05 08:06:16,925 [WARN] ConditionMgr:1039 - genDependencies : Invalid condition id : UX DEVICE CLASS RTOS Condition cause : null
2024-09-05 08:06:16,925 [WARN] ConditionMgr:1039 - genDependencies : Invalid condition id : UX DEVICE CLASS RTOS Condition cause : null
2024-09-05 08:06:16,925 [WARN] ConditionMgr:1039 - genDependencies : Invalid condition id : UX DEVICE CLASS RTOS Condition cause : null
2024-09-05 08:06:16,947 [WARN] PackLoader:240 - Cannot read IP mode file for STMicroelectronics.FP-SNS-STBOX1.2.0.0
2024-09-05 08:06:16,973 [WARN] PackLoader:240 - Cannot read IP mode file for STMicroelectronics.X-CUBE-SUBG2.5.0.0
2024-09-05 08:06:16,992 [WARN] PackLoader:240 - Cannot read IP mode file for Cesanta.I-CUBE-Mongoose.7.13.0
2024-09-05 08:06:17,023 [WARN] PackLoader:240 - Cannot read IP mode file for STMicroelectronics.X-CUBE-AZRTOS-G4.2.0.0
2024-09-05 08:06:17,050 [WARN] PackLoader:240 - Cannot read IP mode file for Infineon.AIROC-Wi-Fi-Bluetooth-STM32.1.5.1
2024-09-05 08:06:17,069 [WARN] PackLoader:240 - Cannot read IP mode file for STMicroelectronics.FP-SNS-MOTENVWB1.1.3.1
2024-09-05 08:06:17,085 [WARN] PackLoader:240 - Cannot read IP mode file for STMicroelectronics.X-CUBE-ISPU.2.0.0
2024-09-05 08:06:17,102 [WARN] PackLoader:240 - Cannot read IP mode file for STMicroelectronics.X-CUBE-ALS.1.0.2
2024-09-05 08:06:17,151 [WARN] PackLoader:240 - Cannot read IP mode file for STMicroelectronics.X-CUBE-MEMS1.10.0.0
2024-09-05 08:06:17,294 [WARN] PackLoader:240 - Cannot read IP mode file for STMicroelectronics.X-CUBE-FREERTOS.1.1.0
2024-09-05 08:06:17,312 [WARN] PackLoader:240 - Cannot read IP mode file for STMicroelectronics.X-CUBE-TOUCHGFX.4.24.0
2024-09-05 08:06:17,328 [WARN] PackLoader:240 - Cannot read IP mode file for portGmbH.I-Cube-SoM-uGOAL.1.1.0
2024-09-05 08:06:17,344 [WARN] PackLoader:240 - Cannot read IP mode file for STMicroelectronics.X-CUBE-ALS.1.0.1
2024-09-05 08:06:17,376 [WARN] PackLoader:240 - Cannot read IP mode file for STMicroelectronics.X-CUBE-AZRTOS-H7RS.1.0.0
2024-09-05 08:06:17,395 [WARN] PackLoader:240 - Cannot read IP mode file for STMicroelectronics.FP-ATR-ASTRA1.2.0.0
2024-09-05 08:06:17,416 [WARN] PackLoader:240 - Cannot read IP mode file for STMicroelectronics.X-CUBE-TOF1.3.4.2
2024-09-05 08:06:17,448 [WARN] PackLoader:240 - Cannot read IP mode file for STMicroelectronics.X-CUBE-TOF1.3.4.1
2024-09-05 08:06:17,490 [WARN] PackLoader:240 - Cannot read IP mode file for STMicroelectronics.X-CUBE-AZRTOS-H7.3.2.0
2024-09-05 08:06:17,506 [WARN] PackLoader:240 - Cannot read IP mode file for wolfSSL.I-CUBE-wolfSSH.1.4.17
2024-09-05 08:06:17,507 [INFO] ThirdParty:978 - Integrity check success = true
2024-09-05 08:06:17,507 [INFO] IntegrityCheckThread:100 - exiting critical section [integrity check]
2024-09-05 08:06:17,507 [INFO] IntegrityCheckThread:103 - End integrity checks thread
