2024-10-11 08:25:52,645 [INFO] Activator:176 - 


2024-10-11 08:25:52,647 [INFO] Activator:177 - !SESSION log4j initialized
2024-10-11 08:26:28,777 [INFO] LogOutputStream:77 - [STDOUT_REDIRECT] 
2024-10-11 08:26:31,497 [INFO] ApplicationProperties:184 - Using Application install path: C:\ST\STM32CubeIDE_1.16.0\STM32CubeIDE\plugins\com.st.stm32cube.common.mx_6.12.0.202406281431
2024-10-11 08:26:31,511 [INFO] DbMcusXml:78 - Set database path to: C:\ST\STM32CubeIDE_1.16.0\STM32CubeIDE\plugins\com.st.stm32cube.common.mx_6.12.0.202406281431\\db\/mcu/
2024-10-11 08:26:31,512 [INFO] ApiDb:274 - Set plugin database path to: C:\ST\STM32CubeIDE_1.16.0\STM32CubeIDE\plugins\com.st.stm32cube.common.mx_6.12.0.202406281431\\db\/plugins/boardmanager/
2024-10-11 08:26:31,512 [WARN] ApiDb:259 - Overriding images path with different value:  => C:\ST\STM32CubeIDE_1.16.0\STM32CubeIDE\plugins\com.st.stm32cube.common.mx_6.12.0.202406281431\\db\/plugins/mcufinder/images/
2024-10-11 08:26:31,525 [INFO] ApiDb:250 - Set database path to: C:\Users\OS\.stmcufinder\plugins\mcufinder//mcu/
2024-10-11 08:26:31,526 [INFO] DbMcusAds:125 - Set database path to: C:\Users\OS\.stmcufinder\plugins\mcufinder//mcu/
2024-10-11 08:26:32,148 [INFO] CrossReferenceDbSqlite:203 - Set database path to: C:\Users\OS\.stmcufinder\plugins\mcufinder//mcu/cs/
2024-10-11 08:26:32,262 [INFO] RulesReader:64 - Compatibility file has been processed (297 Rules)
2024-10-11 08:26:32,339 [INFO] DbMcusXml:78 - Set database path to: C:\ST\STM32CubeIDE_1.16.0\STM32CubeIDE\plugins\com.st.stm32cube.common.mx_6.12.0.202406281431\\db\/mcu/
2024-10-11 08:26:32,339 [INFO] ApiDb:274 - Set plugin database path to: C:\ST\STM32CubeIDE_1.16.0\STM32CubeIDE\plugins\com.st.stm32cube.common.mx_6.12.0.202406281431\\db\/plugins/boardmanager/
2024-10-11 08:26:32,339 [INFO] ApiDb:261 - Set plugin images path to: C:\ST\STM32CubeIDE_1.16.0\STM32CubeIDE\plugins\com.st.stm32cube.common.mx_6.12.0.202406281431\\db\/plugins/mcufinder/images/
2024-10-11 08:26:32,339 [WARN] DbFile:41 - Overriding database path with different value: C:\Users\OS\.stmcufinder\plugins\mcufinder/ => C:\Users\OS\.stmcufinder\plugins\mcufinder
2024-10-11 08:26:32,340 [INFO] ApiDb:250 - Set database path to: C:\Users\OS\.stmcufinder\plugins\mcufinder//mcu/
2024-10-11 08:26:32,340 [WARN] DbFile:41 - Overriding database path with different value: C:\Users\OS\.stmcufinder\plugins\mcufinder/ => C:\Users\OS\.stmcufinder\plugins\mcufinder
2024-10-11 08:26:32,340 [INFO] DbMcusAds:125 - Set database path to: C:\Users\OS\.stmcufinder\plugins\mcufinder//mcu/
2024-10-11 08:26:32,340 [WARN] DbFile:41 - Overriding database path with different value: C:\Users\OS\.stmcufinder\plugins\mcufinder/ => C:\Users\OS\.stmcufinder\plugins\mcufinder
2024-10-11 08:26:32,340 [WARN] DbFile:41 - Overriding database path with different value: C:\Users\OS\.stmcufinder\plugins\mcufinder/ => C:\Users\OS\.stmcufinder\plugins\mcufinder
2024-10-11 08:26:33,153 [INFO] CrossReferenceDbSqlite:203 - Set database path to: C:\Users\OS\.stmcufinder\plugins\mcufinder//mcu/cs/
2024-10-11 08:26:33,246 [INFO] MainPanel:268 - HeapMemory: 268435456
2024-10-11 08:26:33,340 [INFO] DbMcusXml:78 - Set database path to: C:\ST\STM32CubeIDE_1.16.0\STM32CubeIDE\plugins\com.st.stm32cube.common.mx_6.12.0.202406281431\\db\/mcu/
2024-10-11 08:26:33,340 [INFO] ApiDb:274 - Set plugin database path to: C:\ST\STM32CubeIDE_1.16.0\STM32CubeIDE\plugins\com.st.stm32cube.common.mx_6.12.0.202406281431\\db\/plugins/boardmanager/
2024-10-11 08:26:33,340 [INFO] ApiDb:261 - Set plugin images path to: C:\ST\STM32CubeIDE_1.16.0\STM32CubeIDE\plugins\com.st.stm32cube.common.mx_6.12.0.202406281431\\db\/plugins/mcufinder/images/
2024-10-11 08:26:33,340 [WARN] DbFile:41 - Overriding database path with different value: C:\Users\OS\.stmcufinder\plugins\mcufinder/ => C:\Users\OS\.stmcufinder\plugins\mcufinder
2024-10-11 08:26:33,340 [INFO] ApiDb:250 - Set database path to: C:\Users\OS\.stmcufinder\plugins\mcufinder//mcu/
2024-10-11 08:26:33,341 [WARN] DbFile:41 - Overriding database path with different value: C:\Users\OS\.stmcufinder\plugins\mcufinder/ => C:\Users\OS\.stmcufinder\plugins\mcufinder
2024-10-11 08:26:33,341 [INFO] DbMcusAds:125 - Set database path to: C:\Users\OS\.stmcufinder\plugins\mcufinder//mcu/
2024-10-11 08:26:33,341 [WARN] DbFile:41 - Overriding database path with different value: C:\Users\OS\.stmcufinder\plugins\mcufinder/ => C:\Users\OS\.stmcufinder\plugins\mcufinder
2024-10-11 08:26:33,341 [WARN] DbFile:41 - Overriding database path with different value: C:\Users\OS\.stmcufinder\plugins\mcufinder/ => C:\Users\OS\.stmcufinder\plugins\mcufinder
2024-10-11 08:26:34,153 [INFO] CrossReferenceDbSqlite:203 - Set database path to: C:\Users\OS\.stmcufinder\plugins\mcufinder//mcu/cs/
2024-10-11 08:26:34,173 [INFO] ApplicationProperties:184 - Using Application install path: C:\ST\STM32CubeIDE_1.16.0\STM32CubeIDE\plugins\com.st.stm32cube.common.mx_6.12.0.202406281431
2024-10-11 08:26:34,174 [INFO] PluginManage:196 - Search for loadable plugins [exclusion list=, ]
2024-10-11 08:26:34,176 [INFO] PluginManage:310 - Check plugin analytics
2024-10-11 08:26:35,224 [INFO] AnalyticsPlugin:253 - Accepted Software Licenses: STM32CubeMX.6.10.0
2024-10-11 08:26:35,224 [INFO] AnalyticsPlugin:255 - Accepted CMSIS Pack Licenses: 
2024-10-11 08:26:35,224 [INFO] AnalyticsPlugin:257 - Accepted Firmware Licenses: FW.F4.1.28.0
2024-10-11 08:26:35,227 [INFO] PluginManage:359 - Loaded plugin analytics (category:tool,tabindex:-1)
2024-10-11 08:26:35,227 [INFO] PluginManage:310 - Check plugin cadmodel
2024-10-11 08:26:35,240 [INFO] CADModel:105 - Init CAD model plugin
2024-10-11 08:26:35,241 [INFO] PluginManage:359 - Loaded plugin cadmodel (category:power,tabindex:5)
2024-10-11 08:26:35,241 [INFO] PluginManage:310 - Check plugin clock
2024-10-11 08:26:35,258 [INFO] PluginManage:359 - Loaded plugin clock (category:base,tabindex:2)
2024-10-11 08:26:35,258 [INFO] PluginManage:310 - Check plugin ddr
2024-10-11 08:26:35,261 [INFO] PluginManage:359 - Loaded plugin ddr (category:tool,tabindex:6)
2024-10-11 08:26:35,261 [INFO] PluginManage:310 - Check plugin filemanager
2024-10-11 08:26:35,385 [INFO] PluginManage:359 - Loaded plugin filemanager (category:base,tabindex:10)
2024-10-11 08:26:35,385 [INFO] PluginManage:310 - Check plugin ipmanager
2024-10-11 08:26:35,391 [INFO] PluginManage:359 - Loaded plugin ipmanager (category:base,tabindex:5)
2024-10-11 08:26:35,391 [INFO] PluginManage:310 - Check plugin lpbam
2024-10-11 08:26:35,406 [INFO] PluginManage:359 - Loaded plugin lpbam (category:base,tabindex:0)
2024-10-11 08:26:35,406 [INFO] PluginManage:310 - Check plugin memorymap
2024-10-11 08:26:35,444 [INFO] PluginManage:359 - Loaded plugin memorymap (category:base,tabindex:4)
2024-10-11 08:26:35,444 [INFO] PluginManage:310 - Check plugin pinoutandconfiguration
2024-10-11 08:26:35,466 [INFO] PluginManage:359 - Loaded plugin pinoutandconfiguration (category:base,tabindex:1)
2024-10-11 08:26:35,466 [INFO] PluginManage:310 - Check plugin pinoutconfig
2024-10-11 08:26:35,575 [WARN] SupportedApi:132 - Cannot load RTOS API schema: s4s-elt-must-match.1: The content of 'definitions' must match (annotation?, (simpleType | complexType)?, (unique | key | keyref)*)). A problem was found starting at: attribute.
2024-10-11 08:26:35,691 [INFO] PluginManage:359 - Loaded plugin pinoutconfig (category:base,tabindex:0)
2024-10-11 08:26:35,692 [INFO] PluginManage:310 - Check plugin power
2024-10-11 08:26:35,707 [INFO] PluginManage:359 - Loaded plugin power (category:power,tabindex:4)
2024-10-11 08:26:35,707 [INFO] PluginManage:310 - Check plugin projectmanager
2024-10-11 08:26:35,720 [INFO] PluginManage:359 - Loaded plugin projectmanager (category:projectmanager,tabindex:4)
2024-10-11 08:26:35,720 [INFO] PluginManage:310 - Check plugin rif
2024-10-11 08:26:35,733 [INFO] PluginManage:359 - Loaded plugin rif (category:base,tabindex:3)
2024-10-11 08:26:35,733 [INFO] PluginManage:310 - Check plugin thirdparty
2024-10-11 08:26:35,976 [INFO] PluginManage:359 - Loaded plugin thirdparty (category:base,tabindex:-1)
2024-10-11 08:26:35,976 [WARN] IntegrityCheckThread:84 - waiting for thirdparty lock release [integrity check]
2024-10-11 08:26:35,976 [INFO] PluginManage:310 - Check plugin tools
2024-10-11 08:26:35,977 [INFO] IntegrityCheckThread:86 - entering critical section [integrity check]
2024-10-11 08:26:35,977 [INFO] ThirdPartyUpdaterWithRetryManager:70 - Updater plugin not ready yet. [1/15]
2024-10-11 08:26:36,009 [INFO] PluginManage:359 - Loaded plugin tools (category:base,tabindex:7)
2024-10-11 08:26:36,009 [INFO] PluginManage:310 - Check plugin tutovideos
2024-10-11 08:26:36,169 [INFO] PluginManage:359 - Loaded plugin tutovideos (category:base,tabindex:-1)
2024-10-11 08:26:36,169 [INFO] PluginManage:310 - Check plugin updater
2024-10-11 08:26:36,183 [INFO] PluginManage:359 - Loaded plugin updater (category:base,tabindex:12)
2024-10-11 08:26:36,183 [INFO] PluginManage:310 - Check plugin userauth
2024-10-11 08:26:36,189 [INFO] UserAuth:113 - Init User Auth plugin
2024-10-11 08:26:36,189 [INFO] PluginManage:359 - Loaded plugin userauth (category:base,tabindex:14)
2024-10-11 08:26:36,189 [INFO] PluginManage:283 - PluginManage : Loaded plugins [18]
2024-10-11 08:26:36,375 [INFO] PinOutPanel:1561 - setPackage(No Configuration,No Configuration)
2024-10-11 08:26:36,471 [INFO] CADModel:165 - CPN selected for project level
2024-10-11 08:26:36,471 [INFO] CADModel:114 - Register for checkConnection events
2024-10-11 08:26:36,495 [INFO] IPUIPlugin:80 - create IPUIPlugin
2024-10-11 08:26:36,495 [INFO] PluginManager:220 - loadIPPluginJar : add adc
2024-10-11 08:26:36,527 [INFO] IPUIPlugin:80 - create IPUIPlugin
2024-10-11 08:26:36,528 [INFO] PluginManager:220 - loadIPPluginJar : add aes
2024-10-11 08:26:36,563 [INFO] IPUIPlugin:80 - create IPUIPlugin
2024-10-11 08:26:36,564 [INFO] PluginManager:220 - loadIPPluginJar : add can
2024-10-11 08:26:36,583 [INFO] IPUIPlugin:80 - create IPUIPlugin
2024-10-11 08:26:36,583 [INFO] PluginManager:220 - loadIPPluginJar : add comp
2024-10-11 08:26:36,613 [INFO] IPUIPlugin:80 - create IPUIPlugin
2024-10-11 08:26:36,614 [INFO] PluginManager:220 - loadIPPluginJar : add cryp
2024-10-11 08:26:36,625 [INFO] IPUIPlugin:80 - create IPUIPlugin
2024-10-11 08:26:36,625 [INFO] PluginManager:220 - loadIPPluginJar : add ddr_ctrl_phy
2024-10-11 08:26:36,655 [INFO] IPUIPlugin:80 - create IPUIPlugin
2024-10-11 08:26:36,656 [INFO] PluginManager:220 - loadIPPluginJar : add dfsdm
2024-10-11 08:26:36,668 [INFO] IPUIPlugin:80 - create IPUIPlugin
2024-10-11 08:26:36,669 [INFO] PluginManager:220 - loadIPPluginJar : add dma
2024-10-11 08:26:36,707 [INFO] IPUIPlugin:80 - create IPUIPlugin
2024-10-11 08:26:36,707 [INFO] PluginManager:220 - loadIPPluginJar : add dma3
2024-10-11 08:26:36,749 [INFO] IPUIPlugin:80 - create IPUIPlugin
2024-10-11 08:26:36,749 [INFO] PluginManager:220 - loadIPPluginJar : add extmemmanager
2024-10-11 08:26:36,766 [INFO] IPUIPlugin:80 - create IPUIPlugin
2024-10-11 08:26:36,767 [INFO] PluginManager:220 - loadIPPluginJar : add fatfs
2024-10-11 08:26:36,809 [INFO] IPUIPlugin:80 - create IPUIPlugin
2024-10-11 08:26:36,809 [INFO] PluginManager:220 - loadIPPluginJar : add fmc
2024-10-11 08:26:36,823 [INFO] IPUIPlugin:80 - create IPUIPlugin
2024-10-11 08:26:36,823 [INFO] PluginManager:220 - loadIPPluginJar : add freertos
2024-10-11 08:26:36,842 [INFO] IPUIPlugin:80 - create IPUIPlugin
2024-10-11 08:26:36,842 [INFO] PluginManager:220 - loadIPPluginJar : add genericplugin
2024-10-11 08:26:36,923 [INFO] IPUIPlugin:80 - create IPUIPlugin
2024-10-11 08:26:36,923 [INFO] PluginManager:220 - loadIPPluginJar : add gfxmmu
2024-10-11 08:26:37,038 [INFO] IPUIPlugin:80 - create IPUIPlugin
2024-10-11 08:26:37,038 [INFO] PluginManager:220 - loadIPPluginJar : add gic
2024-10-11 08:26:37,050 [INFO] IPUIPlugin:80 - create IPUIPlugin
2024-10-11 08:26:37,050 [INFO] PluginManager:220 - loadIPPluginJar : add gpio
2024-10-11 08:26:37,135 [INFO] IPUIPlugin:80 - create IPUIPlugin
2024-10-11 08:26:37,135 [INFO] PluginManager:220 - loadIPPluginJar : add gtzc
2024-10-11 08:26:37,168 [INFO] IPUIPlugin:80 - create IPUIPlugin
2024-10-11 08:26:37,168 [INFO] PluginManager:220 - loadIPPluginJar : add hash
2024-10-11 08:26:37,216 [INFO] IPUIPlugin:80 - create IPUIPlugin
2024-10-11 08:26:37,216 [INFO] PluginManager:220 - loadIPPluginJar : add i2c
2024-10-11 08:26:37,253 [INFO] IPUIPlugin:80 - create IPUIPlugin
2024-10-11 08:26:37,254 [INFO] PluginManager:220 - loadIPPluginJar : add i2s
2024-10-11 08:26:37,292 [INFO] IPUIPlugin:80 - create IPUIPlugin
2024-10-11 08:26:37,292 [INFO] PluginManager:220 - loadIPPluginJar : add i3c
2024-10-11 08:26:37,392 [INFO] IPUIPlugin:80 - create IPUIPlugin
2024-10-11 08:26:37,392 [INFO] PluginManager:220 - loadIPPluginJar : add ipddr
2024-10-11 08:26:37,480 [INFO] IPUIPlugin:80 - create IPUIPlugin
2024-10-11 08:26:37,480 [INFO] PluginManager:220 - loadIPPluginJar : add linkedlist
2024-10-11 08:26:37,512 [INFO] IPUIPlugin:80 - create IPUIPlugin
2024-10-11 08:26:37,512 [INFO] PluginManager:220 - loadIPPluginJar : add lorawan
2024-10-11 08:26:37,547 [INFO] IPUIPlugin:80 - create IPUIPlugin
2024-10-11 08:26:37,547 [INFO] PluginManager:220 - loadIPPluginJar : add ltdc
2024-10-11 08:26:37,559 [INFO] IPUIPlugin:80 - create IPUIPlugin
2024-10-11 08:26:37,559 [INFO] PluginManager:220 - loadIPPluginJar : add mdma
2024-10-11 08:26:37,572 [INFO] IPUIPlugin:80 - create IPUIPlugin
2024-10-11 08:26:37,572 [INFO] PluginManager:220 - loadIPPluginJar : add nvic
2024-10-11 08:26:37,609 [INFO] IPUIPlugin:80 - create IPUIPlugin
2024-10-11 08:26:37,609 [INFO] PluginManager:220 - loadIPPluginJar : add opamp
2024-10-11 08:26:37,667 [INFO] IPUIPlugin:80 - create IPUIPlugin
2024-10-11 08:26:37,667 [INFO] PluginManager:220 - loadIPPluginJar : add openamp
2024-10-11 08:26:37,706 [INFO] IPUIPlugin:80 - create IPUIPlugin
2024-10-11 08:26:37,707 [INFO] PluginManager:220 - loadIPPluginJar : add pdm2pcm
2024-10-11 08:26:37,720 [INFO] IPUIPlugin:80 - create IPUIPlugin
2024-10-11 08:26:37,722 [INFO] PluginManager:220 - loadIPPluginJar : add plateformsettings
2024-10-11 08:26:37,742 [INFO] IPUIPlugin:80 - create IPUIPlugin
2024-10-11 08:26:37,742 [INFO] PluginManager:220 - loadIPPluginJar : add quadspi
2024-10-11 08:26:37,765 [INFO] IPUIPlugin:80 - create IPUIPlugin
2024-10-11 08:26:37,766 [INFO] PluginManager:220 - loadIPPluginJar : add radio
2024-10-11 08:26:37,777 [INFO] IPUIPlugin:80 - create IPUIPlugin
2024-10-11 08:26:37,777 [INFO] PluginManager:220 - loadIPPluginJar : add resmgrutility
2024-10-11 08:26:37,821 [INFO] IPUIPlugin:80 - create IPUIPlugin
2024-10-11 08:26:37,821 [INFO] PluginManager:220 - loadIPPluginJar : add sai
2024-10-11 08:26:37,855 [INFO] IPUIPlugin:80 - create IPUIPlugin
2024-10-11 08:26:37,855 [INFO] PluginManager:220 - loadIPPluginJar : add spi
2024-10-11 08:26:37,921 [INFO] IPUIPlugin:80 - create IPUIPlugin
2024-10-11 08:26:37,921 [INFO] PluginManager:220 - loadIPPluginJar : add stm32_wpan
2024-10-11 08:26:37,942 [INFO] IPUIPlugin:80 - create IPUIPlugin
2024-10-11 08:26:37,942 [INFO] PluginManager:220 - loadIPPluginJar : add tim
2024-10-11 08:26:38,004 [INFO] IPUIPlugin:80 - create IPUIPlugin
2024-10-11 08:26:38,005 [INFO] PluginManager:220 - loadIPPluginJar : add touchsensing
2024-10-11 08:26:38,027 [INFO] IPUIPlugin:80 - create IPUIPlugin
2024-10-11 08:26:38,027 [INFO] PluginManager:220 - loadIPPluginJar : add tracer_emb
2024-10-11 08:26:38,049 [INFO] IPUIPlugin:80 - create IPUIPlugin
2024-10-11 08:26:38,049 [INFO] PluginManager:220 - loadIPPluginJar : add ts
2024-10-11 08:26:38,069 [INFO] IPUIPlugin:80 - create IPUIPlugin
2024-10-11 08:26:38,069 [INFO] PluginManager:220 - loadIPPluginJar : add tsc
2024-10-11 08:26:38,090 [INFO] IPUIPlugin:80 - create IPUIPlugin
2024-10-11 08:26:38,091 [INFO] PluginManager:220 - loadIPPluginJar : add ucpd
2024-10-11 08:26:38,133 [INFO] IPUIPlugin:80 - create IPUIPlugin
2024-10-11 08:26:38,133 [INFO] PluginManager:220 - loadIPPluginJar : add usart
2024-10-11 08:26:38,175 [INFO] IPUIPlugin:80 - create IPUIPlugin
2024-10-11 08:26:38,175 [INFO] PluginManager:220 - loadIPPluginJar : add usbx
2024-10-11 08:26:38,293 [INFO] CADModel:165 - CPN selected for project level
2024-10-11 08:26:38,293 [INFO] CADModel:114 - Register for checkConnection events
2024-10-11 08:26:38,293 [FATAL] Updater:334 - Updater called before beeing initialized
2024-10-11 08:26:38,293 [ERROR] CADModel:125 - Updater not yet initialized, retry later 
2024-10-11 08:26:38,404 [INFO] CADModel:165 - CPN selected for project level
2024-10-11 08:26:38,404 [INFO] CADModel:114 - Register for checkConnection events
2024-10-11 08:26:38,404 [FATAL] Updater:334 - Updater called before beeing initialized
2024-10-11 08:26:38,404 [ERROR] CADModel:125 - Updater not yet initialized, retry later 
2024-10-11 08:26:38,407 [FATAL] Updater:334 - Updater called before beeing initialized
2024-10-11 08:26:38,513 [FATAL] Updater:334 - Updater called before beeing initialized
2024-10-11 08:26:38,524 [INFO] DbMcusAds:53 - JSON generation date=Fri Sep 20 20:04:23 ICT 2024 (1726837463113)
2024-10-11 08:26:38,524 [FATAL] Updater:334 - Updater called before beeing initialized
2024-10-11 08:26:38,559 [WARN] DetailPanel:346 - Failed to get advertising image, set to default
2024-10-11 08:26:38,636 [FATAL] Updater:334 - Updater called before beeing initialized
2024-10-11 08:26:38,638 [FATAL] Updater:334 - Updater called before beeing initialized
2024-10-11 08:26:38,638 [FATAL] Updater:334 - Updater called before beeing initialized
2024-10-11 08:26:38,638 [WARN] DetailPanel:346 - Failed to get advertising image, set to default
2024-10-11 08:26:38,639 [FATAL] Updater:334 - Updater called before beeing initialized
2024-10-11 08:26:38,698 [ERROR] Updater:1164 - MainUpdater not yet initialized. External WinMGr cannot be set.
2024-10-11 08:26:38,709 [INFO] Updater:1100 - Updater Version found : 6.12.0
2024-10-11 08:26:38,728 [INFO] ApplicationProperties:184 - Using Application install path: C:\ST\STM32CubeIDE_1.16.0\STM32CubeIDE\plugins\com.st.stm32cube.common.mx_6.12.0.202406281431
2024-10-11 08:26:38,980 [INFO] ThirdPartyUpdaterWithRetryManager:70 - Updater plugin not ready yet. [2/15]
2024-10-11 08:26:40,343 [ERROR] LogOutputStream:75 - [STDERR_REDIRECT] Oct 11, 2024 8:26:40 AM java.util.prefs.WindowsPreferences <init>
2024-10-11 08:26:40,344 [ERROR] LogOutputStream:75 - [STDERR_REDIRECT] WARNING: Could not open/create prefs root node Software\JavaSoft\Prefs at root 0xffffffff80000002. Windows RegCreateKeyEx(...) returned error code 5.
2024-10-11 08:26:40,344 [ERROR] LogOutputStream:75 - [STDERR_REDIRECT] 
2024-10-11 08:26:40,710 [INFO] MainUpdater:2873 - connection check result : 10
2024-10-11 08:26:40,710 [INFO] MainUpdater:290 - Updater Check For Update Now.
2024-10-11 08:26:40,710 [INFO] MicroXplorer:498 - Change Database Version : DB.6.0.120
2024-10-11 08:26:40,726 [INFO] McuFinderGlobals:63 - Set McuFinder mode to 2 (CubeIDE integrated)
2024-10-11 08:26:40,735 [INFO] UserAuth:417 - Internet connection configuration mode: 1
2024-10-11 08:26:40,765 [INFO] JxBrowserEngine:152 - Initiate JxBrowser Engine with user profile folder
2024-10-11 08:26:40,954 [INFO] CheckServerUpdateThread:120 - End of CheckServer Thread
2024-10-11 08:26:42,256 [WARN] PackLoader:240 - Cannot read IP mode file for STMicroelectronics.FP-SNS-MOTENVWB1.1.4.0
2024-10-11 08:26:42,282 [WARN] PackLoader:240 - Cannot read IP mode file for STMicroelectronics.X-CUBE-SMBUS.2.1.0
2024-10-11 08:26:42,306 [WARN] PackLoader:240 - Cannot read IP mode file for STMicroelectronics.X-CUBE-WB05N.1.1.0
2024-10-11 08:26:42,326 [WARN] PackLoader:240 - Cannot read IP mode file for STMicroelectronics.X-CUBE-TOUCHGFX.4.23.0
2024-10-11 08:26:42,343 [WARN] PackLoader:240 - Cannot read IP mode file for STMicroelectronics.X-CUBE-TOUCHGFX.4.23.2
2024-10-11 08:26:42,390 [WARN] PackLoader:240 - Cannot read IP mode file for STMicroelectronics.X-CUBE-AZRTOS-F7.1.1.0
2024-10-11 08:26:42,413 [WARN] PackLoader:240 - Cannot read IP mode file for STMicroelectronics.FP-SNS-MOTENV1.4.3.2
2024-10-11 08:26:42,508 [WARN] PackLoader:240 - Cannot read IP mode file for STMicroelectronics.X-CUBE-MEMS1.11.0.0
2024-10-11 08:26:42,674 [WARN] PackLoader:240 - Cannot read IP mode file for STMicroelectronics.FP-SNS-FLIGHT1.5.0.2
2024-10-11 08:26:42,695 [WARN] PackLoader:240 - Cannot read IP mode file for STMicroelectronics.X-CUBE-DISPLAY.3.0.0
2024-10-11 08:26:42,717 [WARN] PackLoader:240 - Cannot read IP mode file for STMicroelectronics.X-CUBE-BLE1.7.0.0
2024-10-11 08:26:42,741 [WARN] PackLoader:240 - Cannot read IP mode file for STMicroelectronics.X-CUBE-NFC10.1.0.0
2024-10-11 08:26:42,762 [WARN] PackLoader:240 - Cannot read IP mode file for emotas.I-CUBE-CANOPEN.1.3.0
2024-10-11 08:26:42,788 [WARN] PackLoader:240 - Cannot read IP mode file for STMicroelectronics.X-CUBE-BLEMGR.3.1.0
2024-10-11 08:26:42,804 [WARN] PackLoader:240 - Cannot read IP mode file for STMicroelectronics.FP-SNS-SMARTAG2.1.2.0
2024-10-11 08:26:42,833 [INFO] LogOutputStream:77 - [STDOUT_REDIRECT] 1 : Invalid condition id : UX_CORESTACK_Condition cause : null
2024-10-11 08:26:42,834 [INFO] LogOutputStream:77 - [STDOUT_REDIRECT] 1 : Invalid condition id : UX_CORESTACK_Condition cause : null
2024-10-11 08:26:42,835 [INFO] LogOutputStream:77 - [STDOUT_REDIRECT] 1 : Invalid condition id : UX_CORESTACK_Condition cause : null
2024-10-11 08:26:42,836 [INFO] LogOutputStream:77 - [STDOUT_REDIRECT] 1 : Invalid condition id : UX_CORESTACK_Condition cause : null
2024-10-11 08:26:42,839 [INFO] LogOutputStream:77 - [STDOUT_REDIRECT] 1 : Invalid condition id : UX_CORESTACK_Condition cause : null
2024-10-11 08:26:42,843 [WARN] PackLoader:240 - Cannot read IP mode file for STMicroelectronics.X-CUBE-AZRTOS-WL.2.0.0
2024-10-11 08:26:42,863 [WARN] PackLoader:240 - Cannot read IP mode file for STMicroelectronics.FP-SNS-MOTENV1.5.0.0
2024-10-11 08:26:42,880 [WARN] PackLoader:240 - Cannot read IP mode file for wolfSSL.I-CUBE-wolfMQTT.1.19.0
2024-10-11 08:26:42,900 [WARN] PackLoader:240 - Cannot read IP mode file for WES.I-CUBE-Cesium.1.3.0
2024-10-11 08:26:42,921 [WARN] PackLoader:240 - Cannot read IP mode file for STMicroelectronics.X-CUBE-BLE2.3.3.0
2024-10-11 08:26:42,940 [WARN] PackLoader:240 - Cannot read IP mode file for STMicroelectronics.X-CUBE-NFC9.1.0.0
2024-10-11 08:26:42,958 [WARN] PackLoader:240 - Cannot read IP mode file for STMicroelectronics.X-CUBE-TCPP.4.1.0
2024-10-11 08:26:42,974 [WARN] PackLoader:240 - Cannot read IP mode file for STMicroelectronics.X-CUBE-ALGOBUILD.1.3.0
2024-10-11 08:26:43,004 [WARN] PackLoader:240 - Cannot read IP mode file for STMicroelectronics.X-CUBE-AZRTOS-G0.1.1.0
2024-10-11 08:26:43,026 [WARN] PackLoader:240 - Cannot read IP mode file for STMicroelectronics.X-CUBE-SAFEA1.1.2.2
2024-10-11 08:26:43,043 [WARN] PackLoader:240 - Cannot read IP mode file for STMicroelectronics.X-CUBE-NFC4.3.0.0
2024-10-11 08:26:43,056 [WARN] PackLoader:240 - Cannot read IP mode file for wolfSSL.I-CUBE-wolfMQTT.1.18.0
2024-10-11 08:26:43,078 [WARN] PackLoader:240 - Cannot read IP mode file for EmbeddedOffice.I-CUBE-FS-RTOS.1.0.1
2024-10-11 08:26:43,079 [ERROR] ConditionMgr:805 - Attr not supported : Dmpu
2024-10-11 08:26:43,079 [ERROR] ConditionMgr:805 - Attr not supported : Dmpu
2024-10-11 08:26:43,079 [ERROR] ConditionMgr:805 - Attr not supported : Dmpu
2024-10-11 08:26:43,080 [ERROR] ConditionMgr:805 - Attr not supported : Dmpu
2024-10-11 08:26:43,080 [ERROR] ConditionMgr:805 - Attr not supported : Dmpu
2024-10-11 08:26:43,080 [ERROR] ConditionMgr:805 - Attr not supported : Dmpu
2024-10-11 08:26:43,080 [ERROR] ConditionMgr:805 - Attr not supported : Dmpu
2024-10-11 08:26:43,080 [ERROR] ConditionMgr:805 - Attr not supported : Dmpu
2024-10-11 08:26:43,080 [ERROR] ConditionMgr:805 - Attr not supported : Dmpu
2024-10-11 08:26:43,080 [ERROR] ConditionMgr:805 - Attr not supported : Dmpu
2024-10-11 08:26:43,081 [ERROR] ConditionMgr:805 - Attr not supported : Dmpu
2024-10-11 08:26:43,081 [ERROR] ConditionMgr:805 - Attr not supported : Dmpu
2024-10-11 08:26:43,081 [ERROR] ConditionMgr:805 - Attr not supported : Dmpu
2024-10-11 08:26:43,081 [ERROR] ConditionMgr:805 - Attr not supported : Dmpu
2024-10-11 08:26:43,081 [ERROR] ConditionMgr:805 - Attr not supported : Dmpu
2024-10-11 08:26:43,081 [ERROR] ConditionMgr:805 - Attr not supported : Dmpu
2024-10-11 08:26:43,081 [ERROR] ConditionMgr:805 - Attr not supported : Dmpu
2024-10-11 08:26:43,081 [ERROR] ConditionMgr:805 - Attr not supported : Dmpu
2024-10-11 08:26:43,081 [ERROR] ConditionMgr:805 - Attr not supported : Dmpu
2024-10-11 08:26:43,081 [ERROR] ConditionMgr:805 - Attr not supported : Dmpu
2024-10-11 08:26:43,081 [ERROR] ConditionMgr:805 - Attr not supported : Dmpu
2024-10-11 08:26:43,081 [ERROR] ConditionMgr:805 - Attr not supported : Dmpu
2024-10-11 08:26:43,082 [ERROR] ConditionMgr:805 - Attr not supported : Dmpu
2024-10-11 08:26:43,082 [ERROR] ConditionMgr:805 - Attr not supported : Dmpu
2024-10-11 08:26:43,082 [ERROR] ConditionMgr:805 - Attr not supported : Dmpu
2024-10-11 08:26:43,082 [ERROR] ConditionMgr:805 - Attr not supported : Dmpu
2024-10-11 08:26:43,082 [ERROR] ConditionMgr:805 - Attr not supported : Dmpu
2024-10-11 08:26:43,082 [ERROR] ConditionMgr:805 - Attr not supported : Dmpu
2024-10-11 08:26:43,082 [ERROR] ConditionMgr:805 - Attr not supported : Dmpu
2024-10-11 08:26:43,082 [ERROR] ConditionMgr:805 - Attr not supported : Dmpu
2024-10-11 08:26:43,082 [ERROR] ConditionMgr:805 - Attr not supported : Dmpu
2024-10-11 08:26:43,082 [ERROR] ConditionMgr:805 - Attr not supported : Dmpu
2024-10-11 08:26:43,082 [ERROR] ConditionMgr:805 - Attr not supported : Dmpu
2024-10-11 08:26:43,082 [ERROR] ConditionMgr:805 - Attr not supported : Dmpu
2024-10-11 08:26:43,082 [ERROR] ConditionMgr:805 - Attr not supported : Dmpu
2024-10-11 08:26:43,082 [ERROR] ConditionMgr:805 - Attr not supported : Dmpu
2024-10-11 08:26:43,082 [ERROR] ConditionMgr:805 - Attr not supported : Dmpu
2024-10-11 08:26:43,082 [ERROR] ConditionMgr:805 - Attr not supported : Dmpu
2024-10-11 08:26:43,082 [ERROR] ConditionMgr:805 - Attr not supported : Dmpu
2024-10-11 08:26:43,083 [ERROR] ConditionMgr:805 - Attr not supported : Dmpu
2024-10-11 08:26:43,083 [ERROR] ConditionMgr:805 - Attr not supported : Dmpu
2024-10-11 08:26:43,083 [ERROR] ConditionMgr:805 - Attr not supported : Dmpu
2024-10-11 08:26:43,083 [ERROR] ConditionMgr:805 - Attr not supported : Dmpu
2024-10-11 08:26:43,083 [ERROR] ConditionMgr:805 - Attr not supported : Dmpu
2024-10-11 08:26:43,083 [ERROR] ConditionMgr:805 - Attr not supported : Dmpu
2024-10-11 08:26:43,083 [ERROR] ConditionMgr:805 - Attr not supported : Dmpu
2024-10-11 08:26:43,083 [ERROR] ConditionMgr:805 - Attr not supported : Dmpu
2024-10-11 08:26:43,083 [ERROR] ConditionMgr:805 - Attr not supported : Dmpu
2024-10-11 08:26:43,083 [ERROR] ConditionMgr:805 - Attr not supported : Dmpu
2024-10-11 08:26:43,083 [ERROR] ConditionMgr:805 - Attr not supported : Dmpu
2024-10-11 08:26:43,083 [ERROR] ConditionMgr:805 - Attr not supported : Dmpu
2024-10-11 08:26:43,083 [ERROR] ConditionMgr:805 - Attr not supported : Dmpu
2024-10-11 08:26:43,083 [ERROR] ConditionMgr:805 - Attr not supported : Dmpu
2024-10-11 08:26:43,083 [ERROR] ConditionMgr:805 - Attr not supported : Dmpu
2024-10-11 08:26:43,083 [ERROR] ConditionMgr:805 - Attr not supported : Dmpu
2024-10-11 08:26:43,083 [ERROR] ConditionMgr:805 - Attr not supported : Dmpu
2024-10-11 08:26:43,084 [ERROR] ConditionMgr:805 - Attr not supported : Dmpu
2024-10-11 08:26:43,084 [ERROR] ConditionMgr:805 - Attr not supported : Dmpu
2024-10-11 08:26:43,084 [ERROR] ConditionMgr:805 - Attr not supported : Dmpu
2024-10-11 08:26:43,084 [ERROR] ConditionMgr:805 - Attr not supported : Dmpu
2024-10-11 08:26:43,084 [ERROR] ConditionMgr:805 - Attr not supported : Dmpu
2024-10-11 08:26:43,084 [ERROR] ConditionMgr:805 - Attr not supported : Dmpu
2024-10-11 08:26:43,084 [ERROR] ConditionMgr:805 - Attr not supported : Dmpu
2024-10-11 08:26:43,084 [ERROR] ConditionMgr:805 - Attr not supported : Dmpu
2024-10-11 08:26:43,103 [WARN] PackLoader:240 - Cannot read IP mode file for RealThread.X-CUBE-RT-Thread_Nano.4.1.1
2024-10-11 08:26:43,117 [WARN] PackLoader:240 - Cannot read IP mode file for STMicroelectronics.FP-ATR-SIGFOX1.3.2.0
2024-10-11 08:26:43,134 [WARN] PackLoader:240 - Cannot read IP mode file for STMicroelectronics.X-CUBE-EEPRMA1.5.1.0
2024-10-11 08:26:43,181 [WARN] PackLoader:240 - Cannot read IP mode file for SEGGER.I-CUBE-embOS.1.3.1
2024-10-11 08:26:43,229 [WARN] PackLoader:240 - Cannot read IP mode file for STMicroelectronics.X-CUBE-ALGOBUILD.1.4.0
2024-10-11 08:26:43,245 [WARN] PackLoader:240 - Cannot read IP mode file for STMicroelectronics.X-CUBE-AI.9.1.0
2024-10-11 08:26:43,261 [WARN] PackLoader:240 - Cannot read IP mode file for STMicroelectronics.X-CUBE-GNSS1.6.0.0
2024-10-11 08:26:43,288 [WARN] PackLoader:240 - Cannot read IP mode file for STMicroelectronics.X-CUBE-AZRTOS-F4.1.1.0
2024-10-11 08:26:43,308 [WARN] PackLoader:240 - Cannot read IP mode file for STMicroelectronics.X-CUBE-ISPU.2.1.0
2024-10-11 08:26:43,322 [WARN] PackLoader:240 - Cannot read IP mode file for STMicroelectronics.X-CUBE-FREERTOS.1.2.0
2024-10-11 08:26:43,338 [WARN] PackLoader:240 - Cannot read IP mode file for wolfSSL.I-CUBE-wolfSSL.5.6.6
2024-10-11 08:26:43,372 [WARN] PackLoader:240 - Cannot read IP mode file for STMicroelectronics.X-CUBE-AZRTOS-L5.2.0.0
2024-10-11 08:26:43,392 [WARN] PackLoader:240 - Cannot read IP mode file for STMicroelectronics.X-CUBE-NFC6.3.1.0
2024-10-11 08:26:43,409 [WARN] PackLoader:240 - Cannot read IP mode file for ITTIA_DB.I-CUBE-ITTIADB.8.8.0
2024-10-11 08:26:43,429 [WARN] PackLoader:240 - Cannot read IP mode file for STMicroelectronics.X-CUBE-DPower.1.2.0
2024-10-11 08:26:43,447 [WARN] PackLoader:240 - Cannot read IP mode file for STMicroelectronics.X-CUBE-AI.9.0.0
2024-10-11 08:26:43,462 [WARN] PackLoader:240 - Cannot read IP mode file for STMicroelectronics.X-CUBE-NFC7.1.0.1
2024-10-11 08:26:43,475 [WARN] PackLoader:240 - Cannot read IP mode file for wolfSSL.I-CUBE-wolfTPM.3.2.0
2024-10-11 08:26:43,492 [WARN] PackLoader:240 - Cannot read IP mode file for STMicroelectronics.X-CUBE-AI.8.1.0
2024-10-11 08:26:43,523 [WARN] ConditionMgr:438 - getConditionDescription Invalid condition id : LAN8742 Phy interface Condition cause : null
2024-10-11 08:26:43,524 [WARN] PackLoader:240 - Cannot read IP mode file for STMicroelectronics.X-CUBE-AZRTOS-L4.2.0.0
2024-10-11 08:26:43,525 [WARN] ConditionMgr:1039 - genDependencies : Invalid condition id : LAN8742 Phy interface Condition cause : null
2024-10-11 08:26:43,526 [WARN] ConditionMgr:1039 - genDependencies : Invalid condition id : LAN8742 Phy interface Condition cause : null
2024-10-11 08:26:43,526 [WARN] ConditionMgr:1039 - genDependencies : Invalid condition id : LAN8742 Phy interface Condition cause : null
2024-10-11 08:26:43,546 [WARN] PackLoader:240 - Cannot read IP mode file for STMicroelectronics.X-CUBE-SFXS2LP1.4.0.0
2024-10-11 08:26:43,581 [WARN] PackLoader:240 - Cannot read IP mode file for STMicroelectronics.X-CUBE-AZRTOS-H7.3.3.0
2024-10-11 08:26:43,604 [WARN] PackLoader:240 - Cannot read IP mode file for STMicroelectronics.X-CUBE-IPS.3.0.0
2024-10-11 08:26:43,639 [WARN] ConditionMgr:438 - getConditionDescription Invalid condition id : UX DEVICE CLASS RTOS Condition cause : null
2024-10-11 08:26:43,639 [WARN] ConditionMgr:438 - getConditionDescription Invalid condition id : UX DEVICE CLASS RTOS Condition cause : null
2024-10-11 08:26:43,642 [WARN] PackLoader:240 - Cannot read IP mode file for STMicroelectronics.X-CUBE-AZRTOS-WB.2.0.0
2024-10-11 08:26:43,642 [WARN] ConditionMgr:1039 - genDependencies : Invalid condition id : UX DEVICE CLASS RTOS Condition cause : null
2024-10-11 08:26:43,642 [WARN] ConditionMgr:1039 - genDependencies : Invalid condition id : UX DEVICE CLASS RTOS Condition cause : null
2024-10-11 08:26:43,643 [WARN] ConditionMgr:1039 - genDependencies : Invalid condition id : UX DEVICE CLASS RTOS Condition cause : null
2024-10-11 08:26:43,643 [WARN] ConditionMgr:1039 - genDependencies : Invalid condition id : UX DEVICE CLASS RTOS Condition cause : null
2024-10-11 08:26:43,643 [WARN] ConditionMgr:1039 - genDependencies : Invalid condition id : UX DEVICE CLASS RTOS Condition cause : null
2024-10-11 08:26:43,660 [WARN] PackLoader:240 - Cannot read IP mode file for STMicroelectronics.X-CUBE-GNSS1.7.0.0
2024-10-11 08:26:43,678 [WARN] PackLoader:240 - Cannot read IP mode file for STMicroelectronics.FP-SNS-STBOX1.2.0.0
2024-10-11 08:26:43,702 [WARN] PackLoader:240 - Cannot read IP mode file for STMicroelectronics.X-CUBE-SUBG2.5.0.0
2024-10-11 08:26:43,723 [WARN] PackLoader:240 - Cannot read IP mode file for Cesanta.I-CUBE-Mongoose.7.13.0
2024-10-11 08:26:43,752 [WARN] PackLoader:240 - Cannot read IP mode file for STMicroelectronics.X-CUBE-AZRTOS-G4.2.0.0
2024-10-11 08:26:43,779 [WARN] PackLoader:240 - Cannot read IP mode file for Infineon.AIROC-Wi-Fi-Bluetooth-STM32.1.5.1
2024-10-11 08:26:43,797 [WARN] PackLoader:240 - Cannot read IP mode file for STMicroelectronics.FP-SNS-MOTENVWB1.1.3.1
2024-10-11 08:26:43,810 [WARN] PackLoader:240 - Cannot read IP mode file for STMicroelectronics.X-CUBE-ISPU.2.0.0
2024-10-11 08:26:43,823 [WARN] PackLoader:240 - Cannot read IP mode file for STMicroelectronics.X-CUBE-ALS.1.0.2
2024-10-11 08:26:43,876 [WARN] PackLoader:240 - Cannot read IP mode file for STMicroelectronics.X-CUBE-MEMS1.10.0.0
2024-10-11 08:26:43,979 [WARN] PackLoader:240 - Cannot read IP mode file for STMicroelectronics.X-CUBE-FREERTOS.1.1.0
2024-10-11 08:26:43,994 [WARN] PackLoader:240 - Cannot read IP mode file for STMicroelectronics.X-CUBE-TOUCHGFX.4.24.0
2024-10-11 08:26:44,008 [WARN] PackLoader:240 - Cannot read IP mode file for STMicroelectronics.X-CUBE-TOUCHGFX.4.24.1
2024-10-11 08:26:44,023 [WARN] PackLoader:240 - Cannot read IP mode file for portGmbH.I-Cube-SoM-uGOAL.1.1.0
2024-10-11 08:26:44,036 [WARN] PackLoader:240 - Cannot read IP mode file for STMicroelectronics.X-CUBE-ALS.1.0.1
2024-10-11 08:26:44,061 [WARN] PackLoader:240 - Cannot read IP mode file for STMicroelectronics.X-CUBE-AZRTOS-H7RS.1.0.0
2024-10-11 08:26:44,077 [WARN] PackLoader:240 - Cannot read IP mode file for STMicroelectronics.FP-ATR-ASTRA1.2.0.0
2024-10-11 08:26:44,099 [WARN] PackLoader:240 - Cannot read IP mode file for STMicroelectronics.X-CUBE-TOF1.3.4.2
2024-10-11 08:26:44,128 [WARN] PackLoader:240 - Cannot read IP mode file for STMicroelectronics.X-CUBE-TOF1.3.4.1
2024-10-11 08:26:44,169 [WARN] PackLoader:240 - Cannot read IP mode file for STMicroelectronics.X-CUBE-AZRTOS-H7.3.2.0
2024-10-11 08:26:44,183 [WARN] PackLoader:240 - Cannot read IP mode file for wolfSSL.I-CUBE-wolfSSH.1.4.17
2024-10-11 08:26:44,183 [INFO] ThirdParty:978 - Integrity check success = true
2024-10-11 08:26:44,183 [INFO] IntegrityCheckThread:100 - exiting critical section [integrity check]
2024-10-11 08:26:44,183 [INFO] IntegrityCheckThread:103 - End integrity checks thread
2024-10-11 08:26:46,638 [INFO] WebApp:167 - Instantiating new browser for Auth
2024-10-11 08:26:47,608 [INFO] WebApp:448 - Apply proxy settings
2024-10-11 08:26:47,608 [INFO] WebApp:533 - Chromium requires no authentication
2024-10-11 08:26:47,619 [INFO] WebApp:476 - Direct internet connection detected
2024-10-11 08:26:47,648 [INFO] WebApp:869 - Register for checkConnection events
2024-10-11 08:26:47,648 [INFO] WebApp:448 - Apply proxy settings
2024-10-11 08:26:47,648 [INFO] WebApp:533 - Chromium requires no authentication
2024-10-11 08:26:47,649 [INFO] WebApp:476 - Direct internet connection detected
2024-10-11 08:26:47,862 [INFO] WebApp:186 - Connection restablished
2024-10-11 08:26:47,938 [INFO] WebApp:220 - Starting web application
2024-10-11 08:26:47,938 [INFO] WebApp:578 - Web application path used C:\ST\STM32CubeIDE_1.16.0\STM32CubeIDE\plugins\com.st.stm32cube.common.mx_6.12.0.202406281431\db\plugins\mcufinder\reactClient1\index.html
2024-10-11 08:26:48,315 [INFO] UserAuth:417 - Internet connection configuration mode: 1
